<?xml version="1.0" encoding="UTF-8"?>
<coverage generated="1460997834170" clover="3.2.0">
	<project timestamp="1460997834170"  name="All Files" >
		<metrics statements="210"  coveredstatements="210"  conditionals="140"  coveredconditionals="94"  methods="98"  coveredmethods="96"  elements="448"  coveredelements="400"  complexity="0"  packages="5"  files="10"  classes="10"  loc="938"  ncloc="938" />
		<package name="app" >
			<metrics statements="24"  coveredstatements="24"  conditionals="24"  coveredconditionals="16"  methods="15"  coveredmethods="14" />
			<file name="State.js"  path="/Users/zhefeng/development/news-renderer/app/State.js" >
				<metrics statements="24"  coveredstatements="24"  conditionals="24"  coveredconditionals="16"  methods="15"  coveredmethods="14" />
				<line num="1"  count="12"  type="cond"  truecount="10"  falsecount="8" />
				<line num="3"  count="12"  type="stmt" />
				<line num="8"  count="12"  type="stmt" />
				<line num="10"  count="2"  type="stmt" />
				<line num="12"  count="53"  type="stmt" />
				<line num="13"  count="49"  type="stmt" />
				<line num="23"  count="64"  type="stmt" />
				<line num="33"  count="33"  type="stmt" />
				<line num="34"  count="33"  type="stmt" />
				<line num="35"  count="33"  type="cond"  truecount="2"  falsecount="0" />
				<line num="36"  count="32"  type="stmt" />
				<line num="38"  count="33"  type="stmt" />
				<line num="48"  count="17"  type="stmt" />
				<line num="49"  count="17"  type="stmt" />
				<line num="50"  count="17"  type="cond"  truecount="2"  falsecount="0" />
				<line num="51"  count="16"  type="stmt" />
				<line num="53"  count="17"  type="stmt" />
				<line num="63"  count="6"  type="stmt" />
				<line num="64"  count="6"  type="stmt" />
				<line num="65"  count="6"  type="cond"  truecount="2"  falsecount="0" />
				<line num="66"  count="5"  type="stmt" />
				<line num="68"  count="6"  type="stmt" />
				<line num="78"  count="8"  type="stmt" />
				<line num="79"  count="8"  type="stmt" />
			</file>
		</package>
		<package name="app.__mocks__" >
			<metrics statements="3"  coveredstatements="3"  conditionals="0"  coveredconditionals="0"  methods="1"  coveredmethods="1" />
			<file name="ErrorHandler.js"  path="/Users/zhefeng/development/news-renderer/app/__mocks__/ErrorHandler.js" >
				<metrics statements="3"  coveredstatements="3"  conditionals="0"  coveredconditionals="0"  methods="1"  coveredmethods="1" />
				<line num="1"  count="1"  type="stmt" />
				<line num="2"  count="1"  type="stmt" />
				<line num="3"  count="1"  type="stmt" />
			</file>
		</package>
		<package name="app.components" >
			<metrics statements="158"  coveredstatements="158"  conditionals="96"  coveredconditionals="63"  methods="60"  coveredmethods="59" />
			<file name="App.js"  path="/Users/zhefeng/development/news-renderer/app/components/App.js" >
				<metrics statements="62"  coveredstatements="62"  conditionals="44"  coveredconditionals="28"  methods="15"  coveredmethods="15" />
				<line num="1"  count="7"  type="cond"  truecount="5"  falsecount="3" />
				<line num="2"  count="1"  type="stmt" />
				<line num="3"  count="1"  type="stmt" />
				<line num="4"  count="1"  type="stmt" />
				<line num="5"  count="1"  type="stmt" />
				<line num="7"  count="1"  type="stmt" />
				<line num="8"  count="6"  type="cond"  truecount="4"  falsecount="2" />
				<line num="11"  count="1"  type="stmt" />
				<line num="13"  count="1"  type="stmt" />
				<line num="27"  count="1"  type="stmt" />
				<line num="35"  count="6"  type="cond"  truecount="10"  falsecount="10" />
				<line num="40"  count="6"  type="stmt" />
				<line num="46"  count="6"  type="stmt" />
				<line num="52"  count="6"  type="stmt" />
				<line num="58"  count="6"  type="stmt" />
				<line num="64"  count="6"  type="stmt" />
				<line num="70"  count="6"  type="stmt" />
				<line num="76"  count="6"  type="stmt" />
				<line num="82"  count="6"  type="stmt" />
				<line num="88"  count="6"  type="stmt" />
				<line num="89"  count="6"  type="stmt" />
				<line num="90"  count="6"  type="stmt" />
				<line num="97"  count="1"  type="stmt" />
				<line num="98"  count="14"  type="stmt" />
				<line num="99"  count="14"  type="stmt" />
				<line num="100"  count="14"  type="stmt" />
				<line num="107"  count="14"  type="stmt" />
				<line num="110"  count="14"  type="cond"  truecount="2"  falsecount="0" />
				<line num="111"  count="1"  type="stmt" />
				<line num="116"  count="13"  type="stmt" />
				<line num="117"  count="13"  type="stmt" />
				<line num="119"  count="14"  type="stmt" />
				<line num="131"  count="2"  type="stmt" />
				<line num="132"  count="2"  type="stmt" />
				<line num="133"  count="2"  type="cond"  truecount="2"  falsecount="0" />
				<line num="134"  count="1"  type="stmt" />
				<line num="136"  count="2"  type="stmt" />
				<line num="137"  count="2"  type="stmt" />
				<line num="138"  count="2"  type="stmt" />
				<line num="139"  count="2"  type="stmt" />
				<line num="140"  count="2"  type="stmt" />
				<line num="141"  count="2"  type="stmt" />
				<line num="150"  count="3"  type="stmt" />
				<line num="151"  count="3"  type="cond"  truecount="2"  falsecount="0" />
				<line num="152"  count="1"  type="stmt" />
				<line num="154"  count="3"  type="stmt" />
				<line num="163"  count="3"  type="stmt" />
				<line num="164"  count="3"  type="stmt" />
				<line num="175"  count="1"  type="stmt" />
				<line num="176"  count="1"  type="stmt" />
				<line num="185"  count="1"  type="stmt" />
				<line num="193"  count="48"  type="stmt" />
				<line num="194"  count="48"  type="stmt" />
				<line num="195"  count="48"  type="stmt" />
				<line num="197"  count="48"  type="stmt" />
				<line num="198"  count="48"  type="stmt" />
				<line num="200"  count="48"  type="cond"  truecount="2"  falsecount="0" />
				<line num="201"  count="47"  type="stmt" />
				<line num="202"  count="47"  type="stmt" />
				<line num="203"  count="47"  type="stmt" />
				<line num="216"  count="1"  type="stmt" />
				<line num="246"  count="1"  type="stmt" />
			</file>
			<file name="NewsDetail.js"  path="/Users/zhefeng/development/news-renderer/app/components/NewsDetail.js" >
				<metrics statements="18"  coveredstatements="18"  conditionals="10"  coveredconditionals="6"  methods="12"  coveredmethods="12" />
				<line num="1"  count="12"  type="cond"  truecount="6"  falsecount="4" />
				<line num="3"  count="2"  type="stmt" />
				<line num="12"  count="3"  type="stmt" />
				<line num="13"  count="3"  type="stmt" />
				<line num="22"  count="2"  type="stmt" />
				<line num="23"  count="1"  type="stmt" />
				<line num="24"  count="1"  type="stmt" />
				<line num="25"  count="1"  type="stmt" />
				<line num="26"  count="1"  type="stmt" />
				<line num="35"  count="2"  type="stmt" />
				<line num="45"  count="2"  type="stmt" />
				<line num="47"  count="2"  type="stmt" />
				<line num="57"  count="2"  type="stmt" />
				<line num="59"  count="2"  type="stmt" />
				<line num="69"  count="2"  type="stmt" />
				<line num="71"  count="2"  type="stmt" />
				<line num="82"  count="2"  type="stmt" />
				<line num="86"  count="2"  type="stmt" />
			</file>
			<file name="NewsItem.js"  path="/Users/zhefeng/development/news-renderer/app/components/NewsItem.js" >
				<metrics statements="19"  coveredstatements="19"  conditionals="10"  coveredconditionals="6"  methods="11"  coveredmethods="11" />
				<line num="1"  count="96"  type="cond"  truecount="6"  falsecount="4" />
				<line num="3"  count="3"  type="stmt" />
				<line num="12"  count="96"  type="stmt" />
				<line num="13"  count="96"  type="stmt" />
				<line num="22"  count="3"  type="stmt" />
				<line num="23"  count="1"  type="stmt" />
				<line num="24"  count="1"  type="stmt" />
				<line num="25"  count="1"  type="stmt" />
				<line num="26"  count="1"  type="stmt" />
				<line num="34"  count="95"  type="stmt" />
				<line num="36"  count="95"  type="stmt" />
				<line num="37"  count="95"  type="stmt" />
				<line num="40"  count="95"  type="stmt" />
				<line num="48"  count="95"  type="stmt" />
				<line num="50"  count="95"  type="stmt" />
				<line num="59"  count="95"  type="stmt" />
				<line num="61"  count="95"  type="stmt" />
				<line num="70"  count="95"  type="stmt" />
				<line num="74"  count="3"  type="stmt" />
			</file>
			<file name="NewsList.js"  path="/Users/zhefeng/development/news-renderer/app/components/NewsList.js" >
				<metrics statements="59"  coveredstatements="59"  conditionals="32"  coveredconditionals="23"  methods="22"  coveredmethods="21" />
				<line num="1"  count="24"  type="cond"  truecount="6"  falsecount="6" />
				<line num="2"  count="2"  type="stmt" />
				<line num="3"  count="57"  type="cond"  truecount="4"  falsecount="2" />
				<line num="5"  count="2"  type="stmt" />
				<line num="29"  count="57"  type="stmt" />
				<line num="30"  count="57"  type="stmt" />
				<line num="37"  count="2"  type="stmt" />
				<line num="38"  count="2"  type="stmt" />
				<line num="40"  count="2"  type="cond"  truecount="2"  falsecount="0" />
				<line num="41"  count="1"  type="stmt" />
				<line num="43"  count="2"  type="stmt" />
				<line num="51"  count="2"  type="stmt" />
				<line num="53"  count="2"  type="cond"  truecount="2"  falsecount="0" />
				<line num="54"  count="1"  type="stmt" />
				<line num="56"  count="2"  type="stmt" />
				<line num="66"  count="1"  type="stmt" />
				<line num="70"  count="1"  type="stmt" />
				<line num="80"  count="1"  type="stmt" />
				<line num="84"  count="1"  type="stmt" />
				<line num="94"  count="1"  type="stmt" />
				<line num="98"  count="1"  type="stmt" />
				<line num="107"  count="1"  type="stmt" />
				<line num="111"  count="1"  type="stmt" />
				<line num="120"  count="49"  type="stmt" />
				<line num="130"  count="49"  type="stmt" />
				<line num="132"  count="49"  type="stmt" />
				<line num="133"  count="49"  type="stmt" />
				<line num="135"  count="49"  type="stmt" />
				<line num="136"  count="147"  type="stmt" />
				<line num="139"  count="147"  type="cond"  truecount="2"  falsecount="0" />
				<line num="140"  count="47"  type="stmt" />
				<line num="142"  count="147"  type="stmt" />
				<line num="145"  count="49"  type="stmt" />
				<line num="154"  count="49"  type="stmt" />
				<line num="155"  count="49"  type="stmt" />
				<line num="156"  count="49"  type="stmt" />
				<line num="157"  count="49"  type="stmt" />
				<line num="158"  count="49"  type="stmt" />
				<line num="161"  count="49"  type="stmt" />
				<line num="165"  count="49"  type="stmt" />
				<line num="166"  count="49"  type="stmt" />
				<line num="172"  count="49"  type="stmt" />
				<line num="179"  count="49"  type="stmt" />
				<line num="183"  count="49"  type="stmt" />
				<line num="189"  count="49"  type="stmt" />
				<line num="199"  count="33"  type="stmt" />
				<line num="200"  count="33"  type="stmt" />
				<line num="202"  count="33"  type="stmt" />
				<line num="203"  count="94"  type="stmt" />
				<line num="204"  count="94"  type="stmt" />
				<line num="205"  count="94"  type="stmt" />
				<line num="208"  count="33"  type="stmt" />
				<line num="217"  count="16"  type="stmt" />
				<line num="227"  count="49"  type="stmt" />
				<line num="229"  count="49"  type="stmt" />
				<line num="230"  count="49"  type="stmt" />
				<line num="232"  count="49"  type="cond"  truecount="2"  falsecount="0" />
				<line num="233"  count="16"  type="stmt" />
				<line num="235"  count="33"  type="stmt" />
			</file>
		</package>
		<package name="app.components.__mocks__" >
			<metrics statements="12"  coveredstatements="12"  conditionals="0"  coveredconditionals="0"  methods="3"  coveredmethods="3" />
			<file name="superagent.js"  path="/Users/zhefeng/development/news-renderer/app/components/__mocks__/superagent.js" >
				<metrics statements="12"  coveredstatements="12"  conditionals="0"  coveredconditionals="0"  methods="3"  coveredmethods="3" />
				<line num="1"  count="1"  type="stmt" />
				<line num="2"  count="1"  type="stmt" />
				<line num="65"  count="1"  type="stmt" />
				<line num="66"  count="1"  type="stmt" />
				<line num="67"  count="1"  type="stmt" />
				<line num="68"  count="1"  type="stmt" />
				<line num="70"  count="14"  type="stmt" />
				<line num="73"  count="14"  type="stmt" />
				<line num="74"  count="14"  type="stmt" />
				<line num="75"  count="14"  type="stmt" />
				<line num="78"  count="14"  type="stmt" />
				<line num="82"  count="14"  type="stmt" />
			</file>
		</package>
		<package name="app.utilities" >
			<metrics statements="13"  coveredstatements="13"  conditionals="20"  coveredconditionals="15"  methods="19"  coveredmethods="19" />
			<file name="componentRender.js"  path="/Users/zhefeng/development/news-renderer/app/utilities/componentRender.js" >
				<metrics statements="2"  coveredstatements="2"  conditionals="0"  coveredconditionals="0"  methods="1"  coveredmethods="1" />
				<line num="1"  count="3"  type="stmt" />
				<line num="15"  count="143"  type="stmt" />
			</file>
			<file name="dom.js"  path="/Users/zhefeng/development/news-renderer/app/utilities/dom.js" >
				<metrics statements="7"  coveredstatements="7"  conditionals="12"  coveredconditionals="8"  methods="15"  coveredmethods="15" />
				<line num="1"  count="30"  type="cond"  truecount="5"  falsecount="3" />
				<line num="46"  count="5"  type="stmt" />
				<line num="56"  count="5"  type="stmt" />
				<line num="66"  count="1442"  type="cond"  truecount="3"  falsecount="1" />
				<line num="71"  count="1441"  type="stmt" />
				<line num="76"  count="5"  type="stmt" />
				<line num="81"  count="5"  type="stmt" />
			</file>
			<file name="shallowEqual.js"  path="/Users/zhefeng/development/news-renderer/app/utilities/shallowEqual.js" >
				<metrics statements="4"  coveredstatements="4"  conditionals="8"  coveredconditionals="7"  methods="3"  coveredmethods="3" />
				<line num="1"  count="3"  type="stmt" />
				<line num="30"  count="3"  type="stmt" />
				<line num="31"  count="32"  type="cond"  truecount="5"  falsecount="1" />
				<line num="37"  count="17"  type="cond"  truecount="2"  falsecount="0" />
			</file>
		</package>
	</project>
</coverage>
