{
"/Users/zhefeng/development/news-renderer/app/State.js":{"path":"/Users/zhefeng/development/news-renderer/app/State.js","s":{"1":2,"2":2,"3":0,"4":0,"5":0,"6":0,"7":0,"8":0,"9":2,"10":2,"11":2,"12":12,"13":12,"14":12,"15":12,"16":12,"17":12,"18":2,"19":2,"20":2,"21":2,"22":0,"23":2,"24":2,"25":2,"26":2,"27":2,"28":2,"29":12,"30":0,"31":2,"32":2,"33":12,"34":12,"35":12,"36":2,"37":53,"38":49,"39":64,"40":33,"41":33,"42":33,"43":32,"44":33,"45":17,"46":17,"47":17,"48":16,"49":17,"50":6,"51":6,"52":6,"53":5,"54":6,"55":8,"56":8,"57":2,"58":2},"b":{"1":[2,0],"2":[0,0],"3":[12,12],"4":[12,0],"5":[2,0],"6":[0,2],"7":[2,0],"8":[2,2],"9":[0,12],"10":[32,1],"11":[16,1],"12":[5,1]},"f":{"1":0,"2":2,"3":2,"4":2,"5":2,"6":12,"7":2,"8":12,"9":53,"10":49,"11":64,"12":33,"13":17,"14":6,"15":8},"fnMap":{"1":{"name":"(anonymous_1)","line":1,"loc":{"start":{"line":1,"column":133},"end":{"line":1,"column":151}}},"2":{"name":"(anonymous_2)","line":1,"loc":{"start":{"line":1,"column":367},"end":{"line":1,"column":379}}},"3":{"name":"defineProperties","line":1,"loc":{"start":{"line":1,"column":380},"end":{"line":1,"column":421}}},"4":{"name":"(anonymous_4)","line":1,"loc":{"start":{"line":1,"column":695},"end":{"line":1,"column":743}}},"5":{"name":"_interopRequireDefault","line":1,"loc":{"start":{"line":1,"column":1065},"end":{"line":1,"column":1102}}},"6":{"name":"_classCallCheck","line":1,"loc":{"start":{"line":1,"column":1158},"end":{"line":1,"column":1206}}},"7":{"name":"(anonymous_7)","line":3,"loc":{"start":{"line":3,"column":8},"end":{"line":3,"column":20}}},"8":{"name":"State","line":3,"loc":{"start":{"line":3,"column":21},"end":{"line":3,"column":38}}},"9":{"name":"_broadcast","line":10,"loc":{"start":{"line":10,"column":70},"end":{"line":11,"column":4}}},"10":{"name":"(anonymous_10)","line":12,"loc":{"start":{"line":12,"column":30},"end":{"line":12,"column":50}}},"11":{"name":"get","line":21,"loc":{"start":{"line":21,"column":32},"end":{"line":22,"column":4}}},"12":{"name":"setListLoading","line":31,"loc":{"start":{"line":31,"column":43},"end":{"line":32,"column":17}}},"13":{"name":"setList","line":46,"loc":{"start":{"line":46,"column":36},"end":{"line":47,"column":10}}},"14":{"name":"setItem","line":61,"loc":{"start":{"line":61,"column":36},"end":{"line":62,"column":10}}},"15":{"name":"onChange","line":76,"loc":{"start":{"line":76,"column":37},"end":{"line":77,"column":14}}}},"statementMap":{"1":{"start":{"line":1,"column":39},"end":{"line":1,"column":101},"skip":true},"2":{"start":{"line":1,"column":101},"end":{"line":1,"column":348}},"3":{"start":{"line":1,"column":152},"end":{"line":1,"column":332}},"4":{"start":{"line":1,"column":196},"end":{"line":1,"column":222}},"5":{"start":{"line":1,"column":222},"end":{"line":1,"column":331}},"6":{"start":{"line":1,"column":247},"end":{"line":1,"column":330}},"7":{"start":{"line":1,"column":303},"end":{"line":1,"column":329}},"8":{"start":{"line":1,"column":332},"end":{"line":1,"column":346}},"9":{"start":{"line":1,"column":348},"end":{"line":1,"column":897}},"10":{"start":{"line":1,"column":380},"end":{"line":1,"column":688}},"11":{"start":{"line":1,"column":422},"end":{"line":1,"column":687}},"12":{"start":{"line":1,"column":462},"end":{"line":1,"column":488}},"13":{"start":{"line":1,"column":488},"end":{"line":1,"column":543}},"14":{"start":{"line":1,"column":543},"end":{"line":1,"column":574}},"15":{"start":{"line":1,"column":574},"end":{"line":1,"column":628}},"16":{"start":{"line":1,"column":601},"end":{"line":1,"column":628}},"17":{"start":{"line":1,"column":628},"end":{"line":1,"column":686}},"18":{"start":{"line":1,"column":688},"end":{"line":1,"column":893}},"19":{"start":{"line":1,"column":744},"end":{"line":1,"column":812}},"20":{"start":{"line":1,"column":760},"end":{"line":1,"column":812}},"21":{"start":{"line":1,"column":812},"end":{"line":1,"column":872}},"22":{"start":{"line":1,"column":829},"end":{"line":1,"column":872}},"23":{"start":{"line":1,"column":872},"end":{"line":1,"column":891}},"24":{"start":{"line":1,"column":897},"end":{"line":1,"column":979}},"25":{"start":{"line":1,"column":1006},"end":{"line":1,"column":1065}},"26":{"start":{"line":1,"column":1065},"end":{"line":1,"column":1158}},"27":{"start":{"line":1,"column":1103},"end":{"line":1,"column":1157}},"28":{"start":{"line":1,"column":1158},"end":{"line":1,"column":1307}},"29":{"start":{"line":1,"column":1207},"end":{"line":1,"column":1306}},"30":{"start":{"line":1,"column":1248},"end":{"line":1,"column":1305}},"31":{"start":{"line":1,"column":1307},"end":{"line":79,"column":41}},"32":{"start":{"line":3,"column":21},"end":{"line":10,"column":21}},"33":{"start":{"line":3,"column":39},"end":{"line":3,"column":68}},"34":{"start":{"line":3,"column":68},"end":{"line":8,"column":19}},"35":{"start":{"line":8,"column":19},"end":{"line":10,"column":20}},"36":{"start":{"line":10,"column":21},"end":{"line":79,"column":24}},"37":{"start":{"line":12,"column":6},"end":{"line":13,"column":27}},"38":{"start":{"line":13,"column":8},"end":{"line":13,"column":24}},"39":{"start":{"line":23,"column":6},"end":{"line":23,"column":25}},"40":{"start":{"line":33,"column":6},"end":{"line":33,"column":33}},"41":{"start":{"line":34,"column":6},"end":{"line":34,"column":102}},"42":{"start":{"line":35,"column":6},"end":{"line":36,"column":27}},"43":{"start":{"line":36,"column":8},"end":{"line":36,"column":26}},"44":{"start":{"line":38,"column":6},"end":{"line":38,"column":18}},"45":{"start":{"line":48,"column":6},"end":{"line":48,"column":33}},"46":{"start":{"line":49,"column":6},"end":{"line":49,"column":88}},"47":{"start":{"line":50,"column":6},"end":{"line":51,"column":27}},"48":{"start":{"line":51,"column":8},"end":{"line":51,"column":26}},"49":{"start":{"line":53,"column":6},"end":{"line":53,"column":18}},"50":{"start":{"line":63,"column":6},"end":{"line":63,"column":33}},"51":{"start":{"line":64,"column":6},"end":{"line":64,"column":88}},"52":{"start":{"line":65,"column":6},"end":{"line":66,"column":27}},"53":{"start":{"line":66,"column":8},"end":{"line":66,"column":26}},"54":{"start":{"line":68,"column":6},"end":{"line":68,"column":18}},"55":{"start":{"line":78,"column":6},"end":{"line":78,"column":37}},"56":{"start":{"line":79,"column":6},"end":{"line":79,"column":18}},"57":{"start":{"line":79,"column":24},"end":{"line":79,"column":37}},"58":{"start":{"line":79,"column":68},"end":{"line":83,"column":6}}},"branchMap":{"1":{"line":1,"type":"binary-expr","locations":[{"start":{"line":1,"column":116},"end":{"line":1,"column":129}},{"start":{"line":1,"column":133},"end":{"line":1,"column":347}}]},"2":{"line":1,"type":"if","locations":[{"start":{"line":1,"column":247},"end":{"line":1,"column":247}},{"start":{"line":1,"column":247},"end":{"line":1,"column":247}}]},"3":{"line":1,"type":"binary-expr","locations":[{"start":{"line":1,"column":512},"end":{"line":1,"column":533}},{"start":{"line":1,"column":537},"end":{"line":1,"column":542}}]},"4":{"line":1,"type":"if","locations":[{"start":{"line":1,"column":574},"end":{"line":1,"column":574}},{"start":{"line":1,"column":574},"end":{"line":1,"column":574}}]},"5":{"line":1,"type":"if","locations":[{"start":{"line":1,"column":744},"end":{"line":1,"column":744}},{"start":{"line":1,"column":744},"end":{"line":1,"column":744}}]},"6":{"line":1,"type":"if","locations":[{"start":{"line":1,"column":812},"end":{"line":1,"column":812}},{"start":{"line":1,"column":812},"end":{"line":1,"column":812}}]},"7":{"line":1,"type":"cond-expr","locations":[{"start":{"line":1,"column":1134},"end":{"line":1,"column":1137}},{"start":{"line":1,"column":1140},"end":{"line":1,"column":1156}}]},"8":{"line":1,"type":"binary-expr","locations":[{"start":{"line":1,"column":1110},"end":{"line":1,"column":1113}},{"start":{"line":1,"column":1117},"end":{"line":1,"column":1131}}]},"9":{"line":1,"type":"if","locations":[{"start":{"line":1,"column":1207},"end":{"line":1,"column":1207}},{"start":{"line":1,"column":1207},"end":{"line":1,"column":1207}}]},"10":{"line":35,"type":"if","locations":[{"start":{"line":35,"column":6},"end":{"line":35,"column":6}},{"start":{"line":35,"column":6},"end":{"line":35,"column":6}}]},"11":{"line":50,"type":"if","locations":[{"start":{"line":50,"column":6},"end":{"line":50,"column":6}},{"start":{"line":50,"column":6},"end":{"line":50,"column":6}}]},"12":{"line":65,"type":"if","locations":[{"start":{"line":65,"column":6},"end":{"line":65,"column":6}},{"start":{"line":65,"column":6},"end":{"line":65,"column":6}}]}},"l":{"1":12,"3":12,"8":12,"10":2,"12":53,"13":49,"23":64,"33":33,"34":33,"35":33,"36":32,"38":33,"48":17,"49":17,"50":17,"51":16,"53":17,"63":6,"64":6,"65":6,"66":5,"68":6,"78":8,"79":8}},
"/Users/zhefeng/development/news-renderer/app/utilities/shallowEqual.js":{"path":"/Users/zhefeng/development/news-renderer/app/utilities/shallowEqual.js","s":{"1":3,"2":3,"3":3,"4":16,"5":32,"6":32,"7":12,"8":4,"9":3,"10":16,"11":16,"12":16,"13":0,"14":16,"15":3,"16":17},"b":{"1":[12,20],"2":[32,32],"3":[0,16],"4":[17,16]},"f":{"1":16,"2":16,"3":17},"fnMap":{"1":{"name":"allKeyDataSame","line":30,"loc":{"start":{"line":30,"column":13},"end":{"line":30,"column":55}}},"2":{"name":"allKeySame","line":31,"loc":{"start":{"line":31,"column":152},"end":{"line":31,"column":184}}},"3":{"name":"shallowEqual","line":37,"loc":{"start":{"line":37,"column":341},"end":{"line":37,"column":375}}}},"statementMap":{"1":{"start":{"line":1,"column":39},"end":{"line":1,"column":101},"skip":true},"2":{"start":{"line":1,"column":101},"end":{"line":30,"column":13}},"3":{"start":{"line":30,"column":13},"end":{"line":31,"column":152}},"4":{"start":{"line":31,"column":2},"end":{"line":31,"column":139}},"5":{"start":{"line":31,"column":41},"end":{"line":31,"column":59}},"6":{"start":{"line":31,"column":59},"end":{"line":31,"column":138}},"7":{"start":{"line":31,"column":124},"end":{"line":31,"column":137}},"8":{"start":{"line":31,"column":139},"end":{"line":31,"column":151}},"9":{"start":{"line":31,"column":152},"end":{"line":31,"column":337}},"10":{"start":{"line":31,"column":185},"end":{"line":31,"column":215}},"11":{"start":{"line":31,"column":215},"end":{"line":31,"column":245}},"12":{"start":{"line":31,"column":245},"end":{"line":31,"column":295}},"13":{"start":{"line":31,"column":281},"end":{"line":31,"column":294}},"14":{"start":{"line":31,"column":295},"end":{"line":31,"column":336}},"15":{"start":{"line":37,"column":341},"end":{"line":37,"column":424}},"16":{"start":{"line":37,"column":376},"end":{"line":37,"column":423}}},"branchMap":{"1":{"line":31,"type":"if","locations":[{"start":{"line":31,"column":59},"end":{"line":31,"column":59}},{"start":{"line":31,"column":59},"end":{"line":31,"column":59}}]},"2":{"line":31,"type":"binary-expr","locations":[{"start":{"line":31,"column":63},"end":{"line":31,"column":94}},{"start":{"line":31,"column":98},"end":{"line":31,"column":121}}]},"3":{"line":31,"type":"if","locations":[{"start":{"line":31,"column":245},"end":{"line":31,"column":245}},{"start":{"line":31,"column":245},"end":{"line":31,"column":245}}]},"4":{"line":37,"type":"binary-expr","locations":[{"start":{"line":37,"column":383},"end":{"line":37,"column":396}},{"start":{"line":37,"column":400},"end":{"line":37,"column":422}}]}},"l":{"1":3,"30":3,"31":32,"37":17}},
"/Users/zhefeng/development/news-renderer/app/components/NewsDetail.js":{"path":"/Users/zhefeng/development/news-renderer/app/components/NewsDetail.js","s":{"1":2,"2":2,"3":2,"4":2,"5":12,"6":12,"7":12,"8":12,"9":12,"10":12,"11":2,"12":2,"13":2,"14":2,"15":0,"16":2,"17":2,"18":2,"19":3,"20":0,"21":2,"22":2,"23":3,"24":3,"25":2,"26":1,"27":1,"28":1,"29":1,"30":1,"31":2,"32":2,"33":2,"34":2,"35":2,"36":2,"37":2,"38":2,"39":2,"40":2},"b":{"1":[12,12],"2":[12,0],"3":[2,0],"4":[0,2],"5":[0,3]},"f":{"1":2,"2":2,"3":2,"4":3,"5":2,"6":3,"7":1,"8":2,"9":2,"10":2,"11":2,"12":2},"fnMap":{"1":{"name":"(anonymous_1)","line":1,"loc":{"start":{"line":1,"column":120},"end":{"line":1,"column":132}}},"2":{"name":"defineProperties","line":1,"loc":{"start":{"line":1,"column":133},"end":{"line":1,"column":174}}},"3":{"name":"(anonymous_3)","line":1,"loc":{"start":{"line":1,"column":448},"end":{"line":1,"column":496}}},"4":{"name":"_classCallCheck","line":1,"loc":{"start":{"line":1,"column":742},"end":{"line":1,"column":790}}},"5":{"name":"(anonymous_5)","line":4,"loc":{"start":{"line":4,"column":13},"end":{"line":4,"column":25}}},"6":{"name":"NewsDetail","line":12,"loc":{"start":{"line":12,"column":2},"end":{"line":12,"column":29}}},"7":{"name":"onBackClick","line":22,"loc":{"start":{"line":22,"column":60},"end":{"line":23,"column":11}}},"8":{"name":"renderBackBtn","line":33,"loc":{"start":{"line":33,"column":42},"end":{"line":34,"column":4}}},"9":{"name":"renderImg","line":44,"loc":{"start":{"line":44,"column":38},"end":{"line":45,"column":4}}},"10":{"name":"renderTitle","line":56,"loc":{"start":{"line":56,"column":40},"end":{"line":57,"column":4}}},"11":{"name":"renderBody","line":68,"loc":{"start":{"line":68,"column":39},"end":{"line":69,"column":4}}},"12":{"name":"render","line":80,"loc":{"start":{"line":80,"column":35},"end":{"line":81,"column":4}}}},"statementMap":{"1":{"start":{"line":1,"column":39},"end":{"line":1,"column":101},"skip":true},"2":{"start":{"line":1,"column":101},"end":{"line":1,"column":650}},"3":{"start":{"line":1,"column":133},"end":{"line":1,"column":441}},"4":{"start":{"line":1,"column":175},"end":{"line":1,"column":440}},"5":{"start":{"line":1,"column":215},"end":{"line":1,"column":241}},"6":{"start":{"line":1,"column":241},"end":{"line":1,"column":296}},"7":{"start":{"line":1,"column":296},"end":{"line":1,"column":327}},"8":{"start":{"line":1,"column":327},"end":{"line":1,"column":381}},"9":{"start":{"line":1,"column":354},"end":{"line":1,"column":381}},"10":{"start":{"line":1,"column":381},"end":{"line":1,"column":439}},"11":{"start":{"line":1,"column":441},"end":{"line":1,"column":646}},"12":{"start":{"line":1,"column":497},"end":{"line":1,"column":565}},"13":{"start":{"line":1,"column":513},"end":{"line":1,"column":565}},"14":{"start":{"line":1,"column":565},"end":{"line":1,"column":625}},"15":{"start":{"line":1,"column":582},"end":{"line":1,"column":625}},"16":{"start":{"line":1,"column":625},"end":{"line":1,"column":644}},"17":{"start":{"line":1,"column":650},"end":{"line":1,"column":715}},"18":{"start":{"line":1,"column":742},"end":{"line":1,"column":891}},"19":{"start":{"line":1,"column":791},"end":{"line":1,"column":890}},"20":{"start":{"line":1,"column":832},"end":{"line":1,"column":889}},"21":{"start":{"line":3,"column":35},"end":{"line":86,"column":63}},"22":{"start":{"line":12,"column":2},"end":{"line":13,"column":24}},"23":{"start":{"line":12,"column":56},"end":{"line":12,"column":90}},"24":{"start":{"line":13,"column":4},"end":{"line":13,"column":23}},"25":{"start":{"line":22,"column":5},"end":{"line":86,"column":41}},"26":{"start":{"line":23,"column":38},"end":{"line":24,"column":17}},"27":{"start":{"line":24,"column":44},"end":{"line":24,"column":73}},"28":{"start":{"line":24,"column":100},"end":{"line":24,"column":123}},"29":{"start":{"line":25,"column":6},"end":{"line":25,"column":27}},"30":{"start":{"line":26,"column":6},"end":{"line":26,"column":18}},"31":{"start":{"line":35,"column":6},"end":{"line":37,"column":50}},"32":{"start":{"line":45,"column":31},"end":{"line":46,"column":29}},"33":{"start":{"line":47,"column":6},"end":{"line":49,"column":34}},"34":{"start":{"line":57,"column":31},"end":{"line":58,"column":29}},"35":{"start":{"line":59,"column":6},"end":{"line":61,"column":31}},"36":{"start":{"line":69,"column":31},"end":{"line":70,"column":29}},"37":{"start":{"line":71,"column":6},"end":{"line":73,"column":30}},"38":{"start":{"line":82,"column":6},"end":{"line":86,"column":35}},"39":{"start":{"line":86,"column":41},"end":{"line":86,"column":59}},"40":{"start":{"line":86,"column":90},"end":{"line":90,"column":11}}},"branchMap":{"1":{"line":1,"type":"binary-expr","locations":[{"start":{"line":1,"column":265},"end":{"line":1,"column":286}},{"start":{"line":1,"column":290},"end":{"line":1,"column":295}}]},"2":{"line":1,"type":"if","locations":[{"start":{"line":1,"column":327},"end":{"line":1,"column":327}},{"start":{"line":1,"column":327},"end":{"line":1,"column":327}}]},"3":{"line":1,"type":"if","locations":[{"start":{"line":1,"column":497},"end":{"line":1,"column":497}},{"start":{"line":1,"column":497},"end":{"line":1,"column":497}}]},"4":{"line":1,"type":"if","locations":[{"start":{"line":1,"column":565},"end":{"line":1,"column":565}},{"start":{"line":1,"column":565},"end":{"line":1,"column":565}}]},"5":{"line":1,"type":"if","locations":[{"start":{"line":1,"column":791},"end":{"line":1,"column":791}},{"start":{"line":1,"column":791},"end":{"line":1,"column":791}}]}},"l":{"1":12,"3":2,"12":3,"13":3,"22":2,"23":1,"24":1,"25":1,"26":1,"35":2,"45":2,"47":2,"57":2,"59":2,"69":2,"71":2,"82":2,"86":2}},
"/Users/zhefeng/development/news-renderer/app/utilities/dom.js":{"path":"/Users/zhefeng/development/news-renderer/app/utilities/dom.js","s":{"1":5,"2":5,"3":5,"4":5,"5":30,"6":30,"7":30,"8":30,"9":30,"10":30,"11":5,"12":5,"13":5,"14":5,"15":0,"16":5,"17":5,"18":5,"19":5,"20":5,"21":1442,"22":0,"23":5,"24":5,"25":1442,"26":1442,"27":1433,"28":9,"29":5,"30":49,"31":42,"32":49,"33":1424,"34":1424,"35":971,"36":971,"37":553,"38":553,"39":638,"40":638,"41":392,"42":392,"43":5,"44":5,"45":1441,"46":5,"47":1,"48":5,"49":1},"b":{"1":[30,30],"2":[30,0],"3":[5,0],"4":[0,5],"5":[0,1442],"6":[1433,9]},"f":{"1":5,"2":5,"3":5,"4":1442,"5":5,"6":1442,"7":49,"8":1424,"9":971,"10":553,"11":638,"12":392,"13":1441,"14":1,"15":1},"fnMap":{"1":{"name":"(anonymous_1)","line":1,"loc":{"start":{"line":1,"column":120},"end":{"line":1,"column":132}}},"2":{"name":"defineProperties","line":1,"loc":{"start":{"line":1,"column":133},"end":{"line":1,"column":174}}},"3":{"name":"(anonymous_3)","line":1,"loc":{"start":{"line":1,"column":448},"end":{"line":1,"column":496}}},"4":{"name":"_classCallCheck","line":66,"loc":{"start":{"line":66,"column":45},"end":{"line":66,"column":93}}},"5":{"name":"(anonymous_5)","line":66,"loc":{"start":{"line":66,"column":204},"end":{"line":66,"column":216}}},"6":{"name":"Dom","line":66,"loc":{"start":{"line":66,"column":217},"end":{"line":66,"column":235}}},"7":{"name":"empty","line":66,"loc":{"start":{"line":66,"column":427},"end":{"line":66,"column":444}}},"8":{"name":"append","line":66,"loc":{"start":{"line":66,"column":561},"end":{"line":66,"column":582}}},"9":{"name":"setClass","line":66,"loc":{"start":{"line":66,"column":658},"end":{"line":66,"column":688}}},"10":{"name":"setAttr","line":66,"loc":{"start":{"line":66,"column":764},"end":{"line":66,"column":791}}},"11":{"name":"innerHTML","line":66,"loc":{"start":{"line":66,"column":869},"end":{"line":66,"column":895}}},"12":{"name":"on","line":66,"loc":{"start":{"line":66,"column":961},"end":{"line":66,"column":989}}},"13":{"name":"createDom","line":71,"loc":{"start":{"line":71,"column":1070},"end":{"line":71,"column":1094}}},"14":{"name":"getDom","line":76,"loc":{"start":{"line":76,"column":1120},"end":{"line":76,"column":1140}}},"15":{"name":"wrapDom","line":81,"loc":{"start":{"line":81,"column":1190},"end":{"line":81,"column":1213}}}},"statementMap":{"1":{"start":{"line":1,"column":39},"end":{"line":1,"column":101},"skip":true},"2":{"start":{"line":1,"column":101},"end":{"line":1,"column":650}},"3":{"start":{"line":1,"column":133},"end":{"line":1,"column":441}},"4":{"start":{"line":1,"column":175},"end":{"line":1,"column":440}},"5":{"start":{"line":1,"column":215},"end":{"line":1,"column":241}},"6":{"start":{"line":1,"column":241},"end":{"line":1,"column":296}},"7":{"start":{"line":1,"column":296},"end":{"line":1,"column":327}},"8":{"start":{"line":1,"column":327},"end":{"line":1,"column":381}},"9":{"start":{"line":1,"column":354},"end":{"line":1,"column":381}},"10":{"start":{"line":1,"column":381},"end":{"line":1,"column":439}},"11":{"start":{"line":1,"column":441},"end":{"line":1,"column":646}},"12":{"start":{"line":1,"column":497},"end":{"line":1,"column":565}},"13":{"start":{"line":1,"column":513},"end":{"line":1,"column":565}},"14":{"start":{"line":1,"column":565},"end":{"line":1,"column":625}},"15":{"start":{"line":1,"column":582},"end":{"line":1,"column":625}},"16":{"start":{"line":1,"column":625},"end":{"line":1,"column":644}},"17":{"start":{"line":1,"column":650},"end":{"line":46,"column":22}},"18":{"start":{"line":46,"column":49},"end":{"line":56,"column":16}},"19":{"start":{"line":56,"column":43},"end":{"line":66,"column":18}},"20":{"start":{"line":66,"column":45},"end":{"line":66,"column":194}},"21":{"start":{"line":66,"column":94},"end":{"line":66,"column":193}},"22":{"start":{"line":66,"column":135},"end":{"line":66,"column":192}},"23":{"start":{"line":66,"column":194},"end":{"line":66,"column":1066}},"24":{"start":{"line":66,"column":217},"end":{"line":66,"column":385}},"25":{"start":{"line":66,"column":262},"end":{"line":66,"column":289}},"26":{"start":{"line":66,"column":289},"end":{"line":66,"column":384}},"27":{"start":{"line":66,"column":319},"end":{"line":66,"column":359}},"28":{"start":{"line":66,"column":367},"end":{"line":66,"column":383}},"29":{"start":{"line":66,"column":385},"end":{"line":66,"column":1051}},"30":{"start":{"line":66,"column":445},"end":{"line":66,"column":520}},"31":{"start":{"line":66,"column":475},"end":{"line":66,"column":519}},"32":{"start":{"line":66,"column":520},"end":{"line":66,"column":532}},"33":{"start":{"line":66,"column":583},"end":{"line":66,"column":615}},"34":{"start":{"line":66,"column":615},"end":{"line":66,"column":627}},"35":{"start":{"line":66,"column":689},"end":{"line":66,"column":722}},"36":{"start":{"line":66,"column":722},"end":{"line":66,"column":734}},"37":{"start":{"line":66,"column":792},"end":{"line":66,"column":825}},"38":{"start":{"line":66,"column":825},"end":{"line":66,"column":837}},"39":{"start":{"line":66,"column":896},"end":{"line":66,"column":924}},"40":{"start":{"line":66,"column":924},"end":{"line":66,"column":936}},"41":{"start":{"line":66,"column":990},"end":{"line":66,"column":1033}},"42":{"start":{"line":66,"column":1033},"end":{"line":66,"column":1045}},"43":{"start":{"line":66,"column":1051},"end":{"line":66,"column":1062}},"44":{"start":{"line":71,"column":1070},"end":{"line":71,"column":1116}},"45":{"start":{"line":71,"column":1095},"end":{"line":71,"column":1115}},"46":{"start":{"line":76,"column":1120},"end":{"line":76,"column":1186}},"47":{"start":{"line":76,"column":1141},"end":{"line":76,"column":1185}},"48":{"start":{"line":81,"column":1190},"end":{"line":81,"column":1238}},"49":{"start":{"line":81,"column":1214},"end":{"line":81,"column":1237}}},"branchMap":{"1":{"line":1,"type":"binary-expr","locations":[{"start":{"line":1,"column":265},"end":{"line":1,"column":286}},{"start":{"line":1,"column":290},"end":{"line":1,"column":295}}]},"2":{"line":1,"type":"if","locations":[{"start":{"line":1,"column":327},"end":{"line":1,"column":327}},{"start":{"line":1,"column":327},"end":{"line":1,"column":327}}]},"3":{"line":1,"type":"if","locations":[{"start":{"line":1,"column":497},"end":{"line":1,"column":497}},{"start":{"line":1,"column":497},"end":{"line":1,"column":497}}]},"4":{"line":1,"type":"if","locations":[{"start":{"line":1,"column":565},"end":{"line":1,"column":565}},{"start":{"line":1,"column":565},"end":{"line":1,"column":565}}]},"5":{"line":66,"type":"if","locations":[{"start":{"line":66,"column":94},"end":{"line":66,"column":94}},{"start":{"line":66,"column":94},"end":{"line":66,"column":94}}]},"6":{"line":66,"type":"if","locations":[{"start":{"line":66,"column":289},"end":{"line":66,"column":289}},{"start":{"line":66,"column":289},"end":{"line":66,"column":289}}]}},"l":{"1":30,"46":5,"56":5,"66":1442,"71":1441,"76":5,"81":5}},
"/Users/zhefeng/development/news-renderer/app/components/NewsItem.js":{"path":"/Users/zhefeng/development/news-renderer/app/components/NewsItem.js","s":{"1":3,"2":3,"3":3,"4":3,"5":15,"6":15,"7":15,"8":15,"9":15,"10":15,"11":3,"12":3,"13":3,"14":3,"15":0,"16":3,"17":3,"18":3,"19":96,"20":0,"21":3,"22":3,"23":96,"24":96,"25":3,"26":1,"27":1,"28":1,"29":1,"30":1,"31":95,"32":95,"33":95,"34":95,"35":95,"36":95,"37":95,"38":95,"39":95,"40":3,"41":3},"b":{"1":[15,15],"2":[15,0],"3":[3,0],"4":[0,3],"5":[0,96]},"f":{"1":3,"2":3,"3":3,"4":96,"5":3,"6":96,"7":1,"8":95,"9":95,"10":95,"11":95},"fnMap":{"1":{"name":"(anonymous_1)","line":1,"loc":{"start":{"line":1,"column":120},"end":{"line":1,"column":132}}},"2":{"name":"defineProperties","line":1,"loc":{"start":{"line":1,"column":133},"end":{"line":1,"column":174}}},"3":{"name":"(anonymous_3)","line":1,"loc":{"start":{"line":1,"column":448},"end":{"line":1,"column":496}}},"4":{"name":"_classCallCheck","line":1,"loc":{"start":{"line":1,"column":742},"end":{"line":1,"column":790}}},"5":{"name":"(anonymous_5)","line":4,"loc":{"start":{"line":4,"column":11},"end":{"line":4,"column":23}}},"6":{"name":"NewsItem","line":12,"loc":{"start":{"line":12,"column":2},"end":{"line":12,"column":27}}},"7":{"name":"onClick","line":22,"loc":{"start":{"line":22,"column":54},"end":{"line":23,"column":11}}},"8":{"name":"renderImg","line":33,"loc":{"start":{"line":33,"column":38},"end":{"line":34,"column":4}}},"9":{"name":"renderTitle","line":47,"loc":{"start":{"line":47,"column":40},"end":{"line":48,"column":4}}},"10":{"name":"renderBody","line":58,"loc":{"start":{"line":58,"column":39},"end":{"line":59,"column":4}}},"11":{"name":"render","line":68,"loc":{"start":{"line":68,"column":35},"end":{"line":69,"column":4}}}},"statementMap":{"1":{"start":{"line":1,"column":39},"end":{"line":1,"column":101},"skip":true},"2":{"start":{"line":1,"column":101},"end":{"line":1,"column":650}},"3":{"start":{"line":1,"column":133},"end":{"line":1,"column":441}},"4":{"start":{"line":1,"column":175},"end":{"line":1,"column":440}},"5":{"start":{"line":1,"column":215},"end":{"line":1,"column":241}},"6":{"start":{"line":1,"column":241},"end":{"line":1,"column":296}},"7":{"start":{"line":1,"column":296},"end":{"line":1,"column":327}},"8":{"start":{"line":1,"column":327},"end":{"line":1,"column":381}},"9":{"start":{"line":1,"column":354},"end":{"line":1,"column":381}},"10":{"start":{"line":1,"column":381},"end":{"line":1,"column":439}},"11":{"start":{"line":1,"column":441},"end":{"line":1,"column":646}},"12":{"start":{"line":1,"column":497},"end":{"line":1,"column":565}},"13":{"start":{"line":1,"column":513},"end":{"line":1,"column":565}},"14":{"start":{"line":1,"column":565},"end":{"line":1,"column":625}},"15":{"start":{"line":1,"column":582},"end":{"line":1,"column":625}},"16":{"start":{"line":1,"column":625},"end":{"line":1,"column":644}},"17":{"start":{"line":1,"column":650},"end":{"line":1,"column":715}},"18":{"start":{"line":1,"column":742},"end":{"line":1,"column":891}},"19":{"start":{"line":1,"column":791},"end":{"line":1,"column":890}},"20":{"start":{"line":1,"column":832},"end":{"line":1,"column":889}},"21":{"start":{"line":3,"column":38},"end":{"line":74,"column":72}},"22":{"start":{"line":12,"column":2},"end":{"line":13,"column":24}},"23":{"start":{"line":12,"column":54},"end":{"line":12,"column":86}},"24":{"start":{"line":13,"column":4},"end":{"line":13,"column":23}},"25":{"start":{"line":22,"column":5},"end":{"line":74,"column":52}},"26":{"start":{"line":23,"column":38},"end":{"line":24,"column":17}},"27":{"start":{"line":24,"column":44},"end":{"line":24,"column":73}},"28":{"start":{"line":24,"column":100},"end":{"line":24,"column":123}},"29":{"start":{"line":25,"column":6},"end":{"line":25,"column":27}},"30":{"start":{"line":26,"column":6},"end":{"line":26,"column":18}},"31":{"start":{"line":34,"column":31},"end":{"line":35,"column":29}},"32":{"start":{"line":36,"column":6},"end":{"line":36,"column":111}},"33":{"start":{"line":37,"column":6},"end":{"line":39,"column":31}},"34":{"start":{"line":40,"column":6},"end":{"line":40,"column":35}},"35":{"start":{"line":48,"column":31},"end":{"line":49,"column":29}},"36":{"start":{"line":50,"column":6},"end":{"line":51,"column":75}},"37":{"start":{"line":59,"column":31},"end":{"line":60,"column":29}},"38":{"start":{"line":61,"column":6},"end":{"line":61,"column":106}},"39":{"start":{"line":70,"column":6},"end":{"line":74,"column":46}},"40":{"start":{"line":74,"column":52},"end":{"line":74,"column":68}},"41":{"start":{"line":74,"column":99},"end":{"line":78,"column":9}}},"branchMap":{"1":{"line":1,"type":"binary-expr","locations":[{"start":{"line":1,"column":265},"end":{"line":1,"column":286}},{"start":{"line":1,"column":290},"end":{"line":1,"column":295}}]},"2":{"line":1,"type":"if","locations":[{"start":{"line":1,"column":327},"end":{"line":1,"column":327}},{"start":{"line":1,"column":327},"end":{"line":1,"column":327}}]},"3":{"line":1,"type":"if","locations":[{"start":{"line":1,"column":497},"end":{"line":1,"column":497}},{"start":{"line":1,"column":497},"end":{"line":1,"column":497}}]},"4":{"line":1,"type":"if","locations":[{"start":{"line":1,"column":565},"end":{"line":1,"column":565}},{"start":{"line":1,"column":565},"end":{"line":1,"column":565}}]},"5":{"line":1,"type":"if","locations":[{"start":{"line":1,"column":791},"end":{"line":1,"column":791}},{"start":{"line":1,"column":791},"end":{"line":1,"column":791}}]}},"l":{"1":96,"3":3,"12":96,"13":96,"22":3,"23":1,"24":1,"25":1,"26":1,"34":95,"36":95,"37":95,"40":95,"48":95,"50":95,"59":95,"61":95,"70":95,"74":3}},
"/Users/zhefeng/development/news-renderer/app/components/NewsList.js":{"path":"/Users/zhefeng/development/news-renderer/app/components/NewsList.js","s":{"1":2,"2":2,"3":0,"4":0,"5":0,"6":0,"7":0,"8":0,"9":2,"10":2,"11":2,"12":24,"13":24,"14":24,"15":24,"16":24,"17":24,"18":2,"19":2,"20":2,"21":2,"22":0,"23":2,"24":2,"25":2,"26":2,"27":2,"28":2,"29":2,"30":4,"31":2,"32":57,"33":0,"34":2,"35":2,"36":57,"37":57,"38":2,"39":2,"40":2,"41":1,"42":2,"43":2,"44":2,"45":1,"46":2,"47":1,"48":1,"49":1,"50":1,"51":1,"52":1,"53":1,"54":1,"55":49,"56":49,"57":49,"58":49,"59":49,"60":147,"61":147,"62":47,"63":147,"64":49,"65":49,"66":49,"67":49,"68":49,"69":49,"70":49,"71":49,"72":49,"73":49,"74":49,"75":49,"76":49,"77":49,"78":49,"79":49,"80":49,"81":49,"82":33,"83":33,"84":33,"85":33,"86":33,"87":94,"88":94,"89":94,"90":33,"91":16,"92":49,"93":49,"94":49,"95":49,"96":16,"97":33,"98":2,"99":2},"b":{"1":[2,0],"2":[0,0],"3":[24,24],"4":[24,0],"5":[2,0],"6":[0,2],"7":[4,0],"8":[4,4],"9":[0,57],"10":[1,1],"11":[1,1],"12":[47,100],"13":[35,14],"14":[10,39],"15":[0,49],"16":[16,33]},"f":{"1":0,"2":2,"3":2,"4":2,"5":4,"6":57,"7":2,"8":57,"9":2,"10":2,"11":1,"12":1,"13":1,"14":1,"15":49,"16":49,"17":147,"18":49,"19":33,"20":94,"21":16,"22":49},"fnMap":{"1":{"name":"(anonymous_1)","line":1,"loc":{"start":{"line":1,"column":133},"end":{"line":1,"column":151}}},"2":{"name":"(anonymous_2)","line":1,"loc":{"start":{"line":1,"column":367},"end":{"line":1,"column":379}}},"3":{"name":"defineProperties","line":1,"loc":{"start":{"line":1,"column":380},"end":{"line":1,"column":421}}},"4":{"name":"(anonymous_4)","line":1,"loc":{"start":{"line":1,"column":695},"end":{"line":1,"column":743}}},"5":{"name":"_interopRequireDefault","line":3,"loc":{"start":{"line":3,"column":142},"end":{"line":3,"column":179}}},"6":{"name":"_classCallCheck","line":3,"loc":{"start":{"line":3,"column":235},"end":{"line":3,"column":283}}},"7":{"name":"(anonymous_7)","line":6,"loc":{"start":{"line":6,"column":11},"end":{"line":6,"column":23}}},"8":{"name":"NewsList","line":29,"loc":{"start":{"line":29,"column":2},"end":{"line":29,"column":27}}},"9":{"name":"goPre","line":37,"loc":{"start":{"line":37,"column":52},"end":{"line":38,"column":4}}},"10":{"name":"goNext","line":50,"loc":{"start":{"line":50,"column":35},"end":{"line":51,"column":4}}},"11":{"name":"changeNumberPerPage","line":64,"loc":{"start":{"line":64,"column":48},"end":{"line":65,"column":7}}},"12":{"name":"changeSearch","line":78,"loc":{"start":{"line":78,"column":41},"end":{"line":79,"column":7}}},"13":{"name":"changeOrderBy","line":92,"loc":{"start":{"line":92,"column":42},"end":{"line":93,"column":7}}},"14":{"name":"changeOrderDesc","line":105,"loc":{"start":{"line":105,"column":44},"end":{"line":106,"column":4}}},"15":{"name":"renderTitle","line":118,"loc":{"start":{"line":118,"column":40},"end":{"line":119,"column":4}}},"16":{"name":"renderOrderByDdl","line":128,"loc":{"start":{"line":128,"column":45},"end":{"line":129,"column":13}}},"17":{"name":"(anonymous_17)","line":135,"loc":{"start":{"line":135,"column":19},"end":{"line":135,"column":34}}},"18":{"name":"renderToolbar","line":153,"loc":{"start":{"line":153,"column":42},"end":{"line":154,"column":4}}},"19":{"name":"renderList","line":197,"loc":{"start":{"line":197,"column":39},"end":{"line":198,"column":4}}},"20":{"name":"(anonymous_20)","line":202,"loc":{"start":{"line":202,"column":19},"end":{"line":202,"column":35}}},"21":{"name":"renderLoading","line":215,"loc":{"start":{"line":215,"column":42},"end":{"line":216,"column":4}}},"22":{"name":"render","line":226,"loc":{"start":{"line":226,"column":35},"end":{"line":227,"column":4}}}},"statementMap":{"1":{"start":{"line":1,"column":39},"end":{"line":1,"column":101},"skip":true},"2":{"start":{"line":1,"column":101},"end":{"line":1,"column":348}},"3":{"start":{"line":1,"column":152},"end":{"line":1,"column":332}},"4":{"start":{"line":1,"column":196},"end":{"line":1,"column":222}},"5":{"start":{"line":1,"column":222},"end":{"line":1,"column":331}},"6":{"start":{"line":1,"column":247},"end":{"line":1,"column":330}},"7":{"start":{"line":1,"column":303},"end":{"line":1,"column":329}},"8":{"start":{"line":1,"column":332},"end":{"line":1,"column":346}},"9":{"start":{"line":1,"column":348},"end":{"line":1,"column":897}},"10":{"start":{"line":1,"column":380},"end":{"line":1,"column":688}},"11":{"start":{"line":1,"column":422},"end":{"line":1,"column":687}},"12":{"start":{"line":1,"column":462},"end":{"line":1,"column":488}},"13":{"start":{"line":1,"column":488},"end":{"line":1,"column":543}},"14":{"start":{"line":1,"column":543},"end":{"line":1,"column":574}},"15":{"start":{"line":1,"column":574},"end":{"line":1,"column":628}},"16":{"start":{"line":1,"column":601},"end":{"line":1,"column":628}},"17":{"start":{"line":1,"column":628},"end":{"line":1,"column":686}},"18":{"start":{"line":1,"column":688},"end":{"line":1,"column":893}},"19":{"start":{"line":1,"column":744},"end":{"line":1,"column":812}},"20":{"start":{"line":1,"column":760},"end":{"line":1,"column":812}},"21":{"start":{"line":1,"column":812},"end":{"line":1,"column":872}},"22":{"start":{"line":1,"column":829},"end":{"line":1,"column":872}},"23":{"start":{"line":1,"column":872},"end":{"line":1,"column":891}},"24":{"start":{"line":1,"column":897},"end":{"line":1,"column":986}},"25":{"start":{"line":1,"column":1013},"end":{"line":1,"column":1078}},"26":{"start":{"line":2,"column":0},"end":{"line":2,"column":65}},"27":{"start":{"line":3,"column":0},"end":{"line":3,"column":64}},"28":{"start":{"line":3,"column":91},"end":{"line":3,"column":142}},"29":{"start":{"line":3,"column":142},"end":{"line":3,"column":235}},"30":{"start":{"line":3,"column":180},"end":{"line":3,"column":234}},"31":{"start":{"line":3,"column":235},"end":{"line":3,"column":384}},"32":{"start":{"line":3,"column":284},"end":{"line":3,"column":383}},"33":{"start":{"line":3,"column":325},"end":{"line":3,"column":382}},"34":{"start":{"line":5,"column":21},"end":{"line":235,"column":75}},"35":{"start":{"line":29,"column":2},"end":{"line":30,"column":24}},"36":{"start":{"line":29,"column":54},"end":{"line":29,"column":86}},"37":{"start":{"line":30,"column":4},"end":{"line":30,"column":23}},"38":{"start":{"line":37,"column":5},"end":{"line":235,"column":55}},"39":{"start":{"line":38,"column":31},"end":{"line":39,"column":41}},"40":{"start":{"line":40,"column":6},"end":{"line":41,"column":33}},"41":{"start":{"line":41,"column":8},"end":{"line":41,"column":32}},"42":{"start":{"line":43,"column":6},"end":{"line":43,"column":18}},"43":{"start":{"line":51,"column":31},"end":{"line":52,"column":43}},"44":{"start":{"line":53,"column":6},"end":{"line":54,"column":34}},"45":{"start":{"line":54,"column":8},"end":{"line":54,"column":33}},"46":{"start":{"line":56,"column":6},"end":{"line":56,"column":18}},"47":{"start":{"line":66,"column":6},"end":{"line":68,"column":56}},"48":{"start":{"line":70,"column":6},"end":{"line":70,"column":18}},"49":{"start":{"line":80,"column":6},"end":{"line":82,"column":35}},"50":{"start":{"line":84,"column":6},"end":{"line":84,"column":18}},"51":{"start":{"line":94,"column":6},"end":{"line":96,"column":36}},"52":{"start":{"line":98,"column":6},"end":{"line":98,"column":18}},"53":{"start":{"line":107,"column":6},"end":{"line":109,"column":51}},"54":{"start":{"line":111,"column":6},"end":{"line":111,"column":18}},"55":{"start":{"line":120,"column":6},"end":{"line":120,"column":108}},"56":{"start":{"line":130,"column":6},"end":{"line":131,"column":50}},"57":{"start":{"line":132,"column":6},"end":{"line":132,"column":34}},"58":{"start":{"line":133,"column":6},"end":{"line":133,"column":41}},"59":{"start":{"line":135,"column":6},"end":{"line":142,"column":33}},"60":{"start":{"line":136,"column":8},"end":{"line":138,"column":23}},"61":{"start":{"line":139,"column":8},"end":{"line":140,"column":44}},"62":{"start":{"line":140,"column":10},"end":{"line":140,"column":43}},"63":{"start":{"line":142,"column":8},"end":{"line":142,"column":30}},"64":{"start":{"line":145,"column":6},"end":{"line":145,"column":20}},"65":{"start":{"line":154,"column":31},"end":{"line":155,"column":23}},"66":{"start":{"line":155,"column":50},"end":{"line":155,"column":83}},"67":{"start":{"line":155,"column":110},"end":{"line":155,"column":157}},"68":{"start":{"line":155,"column":184},"end":{"line":155,"column":219}},"69":{"start":{"line":155,"column":246},"end":{"line":155,"column":285}},"70":{"start":{"line":155,"column":312},"end":{"line":156,"column":17}},"71":{"start":{"line":156,"column":44},"end":{"line":156,"column":79}},"72":{"start":{"line":156,"column":106},"end":{"line":156,"column":143}},"73":{"start":{"line":157,"column":6},"end":{"line":157,"column":93}},"74":{"start":{"line":158,"column":6},"end":{"line":160,"column":58}},"75":{"start":{"line":161,"column":6},"end":{"line":163,"column":60}},"76":{"start":{"line":165,"column":6},"end":{"line":165,"column":102}},"77":{"start":{"line":166,"column":6},"end":{"line":169,"column":56}},"78":{"start":{"line":172,"column":6},"end":{"line":176,"column":49}},"79":{"start":{"line":179,"column":6},"end":{"line":181,"column":51}},"80":{"start":{"line":183,"column":6},"end":{"line":188,"column":23}},"81":{"start":{"line":189,"column":6},"end":{"line":190,"column":29}},"82":{"start":{"line":199,"column":6},"end":{"line":199,"column":84}},"83":{"start":{"line":199,"column":111},"end":{"line":200,"column":17}},"84":{"start":{"line":200,"column":44},"end":{"line":200,"column":68}},"85":{"start":{"line":200,"column":95},"end":{"line":200,"column":125}},"86":{"start":{"line":202,"column":6},"end":{"line":205,"column":41}},"87":{"start":{"line":203,"column":8},"end":{"line":203,"column":86}},"88":{"start":{"line":204,"column":8},"end":{"line":204,"column":160}},"89":{"start":{"line":205,"column":8},"end":{"line":205,"column":38}},"90":{"start":{"line":208,"column":6},"end":{"line":208,"column":16}},"91":{"start":{"line":217,"column":6},"end":{"line":219,"column":108}},"92":{"start":{"line":227,"column":31},"end":{"line":228,"column":35}},"93":{"start":{"line":229,"column":6},"end":{"line":229,"column":97}},"94":{"start":{"line":230,"column":6},"end":{"line":230,"column":72}},"95":{"start":{"line":232,"column":6},"end":{"line":233,"column":55}},"96":{"start":{"line":233,"column":8},"end":{"line":233,"column":54}},"97":{"start":{"line":235,"column":6},"end":{"line":235,"column":49}},"98":{"start":{"line":235,"column":55},"end":{"line":235,"column":71}},"99":{"start":{"line":235,"column":102},"end":{"line":239,"column":9}}},"branchMap":{"1":{"line":1,"type":"binary-expr","locations":[{"start":{"line":1,"column":116},"end":{"line":1,"column":129}},{"start":{"line":1,"column":133},"end":{"line":1,"column":347}}]},"2":{"line":1,"type":"if","locations":[{"start":{"line":1,"column":247},"end":{"line":1,"column":247}},{"start":{"line":1,"column":247},"end":{"line":1,"column":247}}]},"3":{"line":1,"type":"binary-expr","locations":[{"start":{"line":1,"column":512},"end":{"line":1,"column":533}},{"start":{"line":1,"column":537},"end":{"line":1,"column":542}}]},"4":{"line":1,"type":"if","locations":[{"start":{"line":1,"column":574},"end":{"line":1,"column":574}},{"start":{"line":1,"column":574},"end":{"line":1,"column":574}}]},"5":{"line":1,"type":"if","locations":[{"start":{"line":1,"column":744},"end":{"line":1,"column":744}},{"start":{"line":1,"column":744},"end":{"line":1,"column":744}}]},"6":{"line":1,"type":"if","locations":[{"start":{"line":1,"column":812},"end":{"line":1,"column":812}},{"start":{"line":1,"column":812},"end":{"line":1,"column":812}}]},"7":{"line":3,"type":"cond-expr","locations":[{"start":{"line":3,"column":211},"end":{"line":3,"column":214}},{"start":{"line":3,"column":217},"end":{"line":3,"column":233}}]},"8":{"line":3,"type":"binary-expr","locations":[{"start":{"line":3,"column":187},"end":{"line":3,"column":190}},{"start":{"line":3,"column":194},"end":{"line":3,"column":208}}]},"9":{"line":3,"type":"if","locations":[{"start":{"line":3,"column":284},"end":{"line":3,"column":284}},{"start":{"line":3,"column":284},"end":{"line":3,"column":284}}]},"10":{"line":40,"type":"if","locations":[{"start":{"line":40,"column":6},"end":{"line":40,"column":6}},{"start":{"line":40,"column":6},"end":{"line":40,"column":6}}]},"11":{"line":53,"type":"if","locations":[{"start":{"line":53,"column":6},"end":{"line":53,"column":6}},{"start":{"line":53,"column":6},"end":{"line":53,"column":6}}]},"12":{"line":139,"type":"if","locations":[{"start":{"line":139,"column":8},"end":{"line":139,"column":8}},{"start":{"line":139,"column":8},"end":{"line":139,"column":8}}]},"13":{"line":159,"type":"cond-expr","locations":[{"start":{"line":159,"column":78},"end":{"line":159,"column":87}},{"start":{"line":159,"column":90},"end":{"line":159,"column":92}}]},"14":{"line":162,"type":"cond-expr","locations":[{"start":{"line":162,"column":80},"end":{"line":162,"column":89}},{"start":{"line":162,"column":92},"end":{"line":162,"column":94}}]},"15":{"line":180,"type":"cond-expr","locations":[{"start":{"line":180,"column":28},"end":{"line":180,"column":36}},{"start":{"line":180,"column":39},"end":{"line":180,"column":47}}]},"16":{"line":232,"type":"if","locations":[{"start":{"line":232,"column":6},"end":{"line":232,"column":6}},{"start":{"line":232,"column":6},"end":{"line":232,"column":6}}]}},"l":{"1":24,"2":2,"3":57,"5":2,"29":57,"30":57,"37":2,"38":2,"40":2,"41":1,"43":2,"51":2,"53":2,"54":1,"56":2,"66":1,"70":1,"80":1,"84":1,"94":1,"98":1,"107":1,"111":1,"120":49,"130":49,"132":49,"133":49,"135":49,"136":147,"139":147,"140":47,"142":147,"145":49,"154":49,"155":49,"156":49,"157":49,"158":49,"161":49,"165":49,"166":49,"172":49,"179":49,"183":49,"189":49,"199":33,"200":33,"202":33,"203":94,"204":94,"205":94,"208":33,"217":16,"227":49,"229":49,"230":49,"232":49,"233":16,"235":33}},
"/Users/zhefeng/development/news-renderer/app/utilities/componentRender.js":{"path":"/Users/zhefeng/development/news-renderer/app/utilities/componentRender.js","s":{"1":3,"2":3,"3":3,"4":143,"5":143},"b":{},"f":{"1":143},"fnMap":{"1":{"name":"componentRender","line":15,"loc":{"start":{"line":15,"column":20},"end":{"line":15,"column":63}}}},"statementMap":{"1":{"start":{"line":1,"column":39},"end":{"line":1,"column":101},"skip":true},"2":{"start":{"line":1,"column":101},"end":{"line":9,"column":16}},"3":{"start":{"line":15,"column":20},"end":{"line":15,"column":120}},"4":{"start":{"line":15,"column":64},"end":{"line":15,"column":97}},"5":{"start":{"line":15,"column":97},"end":{"line":15,"column":119}}},"branchMap":{},"l":{"1":3,"15":143}},
"/Users/zhefeng/development/news-renderer/app/components/App.js":{"path":"/Users/zhefeng/development/news-renderer/app/components/App.js","s":{"1":1,"2":1,"3":1,"4":1,"5":7,"6":7,"7":7,"8":7,"9":7,"10":7,"11":1,"12":1,"13":1,"14":1,"15":0,"16":1,"17":1,"18":1,"19":1,"20":1,"21":1,"22":1,"23":1,"24":1,"25":1,"26":1,"27":1,"28":1,"29":1,"30":1,"31":6,"32":1,"33":6,"34":0,"35":1,"36":1,"37":1,"38":6,"39":6,"40":6,"41":6,"42":6,"43":6,"44":6,"45":6,"46":6,"47":6,"48":6,"49":6,"50":6,"51":6,"52":6,"53":6,"54":6,"55":1,"56":14,"57":14,"58":14,"59":14,"60":14,"61":1,"62":13,"63":13,"64":14,"65":2,"66":2,"67":2,"68":2,"69":2,"70":2,"71":1,"72":2,"73":2,"74":2,"75":2,"76":2,"77":2,"78":3,"79":3,"80":1,"81":3,"82":3,"83":3,"84":1,"85":1,"86":1,"87":48,"88":48,"89":48,"90":48,"91":48,"92":48,"93":48,"94":48,"95":47,"96":47,"97":47,"98":47,"99":47,"100":47,"101":1,"102":1,"103":1},"b":{"1":[7,7],"2":[7,0],"3":[1,0],"4":[0,1],"5":[6,0],"6":[6,6],"7":[0,6],"8":[6,0],"9":[6,0],"10":[6,0],"11":[6,0],"12":[6,0],"13":[6,0],"14":[6,0],"15":[6,0],"16":[6,0],"17":[6,0],"18":[0,14],"19":[1,13],"20":[1,1],"21":[1,2],"22":[47,1]},"f":{"1":1,"2":1,"3":1,"4":6,"5":6,"6":1,"7":6,"8":14,"9":14,"10":2,"11":3,"12":3,"13":1,"14":1,"15":48},"fnMap":{"1":{"name":"(anonymous_1)","line":1,"loc":{"start":{"line":1,"column":120},"end":{"line":1,"column":132}}},"2":{"name":"defineProperties","line":1,"loc":{"start":{"line":1,"column":133},"end":{"line":1,"column":174}}},"3":{"name":"(anonymous_3)","line":1,"loc":{"start":{"line":1,"column":448},"end":{"line":1,"column":496}}},"4":{"name":"_interopRequireDefault","line":8,"loc":{"start":{"line":8,"column":150},"end":{"line":8,"column":187}}},"5":{"name":"_classCallCheck","line":8,"loc":{"start":{"line":8,"column":243},"end":{"line":8,"column":291}}},"6":{"name":"(anonymous_6)","line":14,"loc":{"start":{"line":14,"column":6},"end":{"line":14,"column":18}}},"7":{"name":"App","line":27,"loc":{"start":{"line":27,"column":2},"end":{"line":35,"column":2}}},"8":{"name":"loadData","line":97,"loc":{"start":{"line":97,"column":50},"end":{"line":98,"column":4}}},"9":{"name":"(anonymous_9)","line":109,"loc":{"start":{"line":109,"column":10},"end":{"line":109,"column":30}}},"10":{"name":"changeQuery","line":130,"loc":{"start":{"line":130,"column":40},"end":{"line":131,"column":4}}},"11":{"name":"goPre","line":148,"loc":{"start":{"line":148,"column":34},"end":{"line":149,"column":4}}},"12":{"name":"goNext","line":161,"loc":{"start":{"line":161,"column":35},"end":{"line":162,"column":4}}},"13":{"name":"setItem","line":173,"loc":{"start":{"line":173,"column":36},"end":{"line":174,"column":13}}},"14":{"name":"clearItem","line":183,"loc":{"start":{"line":183,"column":38},"end":{"line":184,"column":4}}},"15":{"name":"render","line":192,"loc":{"start":{"line":192,"column":35},"end":{"line":193,"column":4}}}},"statementMap":{"1":{"start":{"line":1,"column":39},"end":{"line":1,"column":101},"skip":true},"2":{"start":{"line":1,"column":101},"end":{"line":1,"column":650}},"3":{"start":{"line":1,"column":133},"end":{"line":1,"column":441}},"4":{"start":{"line":1,"column":175},"end":{"line":1,"column":440}},"5":{"start":{"line":1,"column":215},"end":{"line":1,"column":241}},"6":{"start":{"line":1,"column":241},"end":{"line":1,"column":296}},"7":{"start":{"line":1,"column":296},"end":{"line":1,"column":327}},"8":{"start":{"line":1,"column":327},"end":{"line":1,"column":381}},"9":{"start":{"line":1,"column":354},"end":{"line":1,"column":381}},"10":{"start":{"line":1,"column":381},"end":{"line":1,"column":439}},"11":{"start":{"line":1,"column":441},"end":{"line":1,"column":646}},"12":{"start":{"line":1,"column":497},"end":{"line":1,"column":565}},"13":{"start":{"line":1,"column":513},"end":{"line":1,"column":565}},"14":{"start":{"line":1,"column":565},"end":{"line":1,"column":625}},"15":{"start":{"line":1,"column":582},"end":{"line":1,"column":625}},"16":{"start":{"line":1,"column":625},"end":{"line":1,"column":644}},"17":{"start":{"line":1,"column":650},"end":{"line":1,"column":709}},"18":{"start":{"line":1,"column":736},"end":{"line":1,"column":781}},"19":{"start":{"line":2,"column":0},"end":{"line":2,"column":73}},"20":{"start":{"line":2,"column":100},"end":{"line":2,"column":159}},"21":{"start":{"line":3,"column":0},"end":{"line":3,"column":89}},"22":{"start":{"line":3,"column":116},"end":{"line":3,"column":181}},"23":{"start":{"line":4,"column":0},"end":{"line":4,"column":65}},"24":{"start":{"line":5,"column":0},"end":{"line":5,"column":66}},"25":{"start":{"line":5,"column":93},"end":{"line":5,"column":148}},"26":{"start":{"line":7,"column":0},"end":{"line":7,"column":64}},"27":{"start":{"line":7,"column":91},"end":{"line":7,"column":142}},"28":{"start":{"line":8,"column":0},"end":{"line":8,"column":68}},"29":{"start":{"line":8,"column":95},"end":{"line":8,"column":150}},"30":{"start":{"line":8,"column":150},"end":{"line":8,"column":243}},"31":{"start":{"line":8,"column":188},"end":{"line":8,"column":242}},"32":{"start":{"line":8,"column":243},"end":{"line":8,"column":392}},"33":{"start":{"line":8,"column":292},"end":{"line":8,"column":391}},"34":{"start":{"line":8,"column":333},"end":{"line":8,"column":390}},"35":{"start":{"line":11,"column":0},"end":{"line":11,"column":22}},"36":{"start":{"line":13,"column":101},"end":{"line":246,"column":25}},"37":{"start":{"line":27,"column":2},"end":{"line":90,"column":21}},"38":{"start":{"line":35,"column":29},"end":{"line":35,"column":120}},"39":{"start":{"line":35,"column":147},"end":{"line":35,"column":231}},"40":{"start":{"line":35,"column":258},"end":{"line":35,"column":343}},"41":{"start":{"line":35,"column":370},"end":{"line":35,"column":458}},"42":{"start":{"line":35,"column":485},"end":{"line":35,"column":576}},"43":{"start":{"line":35,"column":603},"end":{"line":35,"column":630}},"44":{"start":{"line":40,"column":4},"end":{"line":40,"column":65}},"45":{"start":{"line":46,"column":4},"end":{"line":46,"column":37}},"46":{"start":{"line":52,"column":4},"end":{"line":52,"column":31}},"47":{"start":{"line":58,"column":4},"end":{"line":58,"column":39}},"48":{"start":{"line":64,"column":4},"end":{"line":64,"column":19}},"49":{"start":{"line":70,"column":4},"end":{"line":70,"column":25}},"50":{"start":{"line":76,"column":4},"end":{"line":76,"column":25}},"51":{"start":{"line":82,"column":4},"end":{"line":82,"column":27}},"52":{"start":{"line":88,"column":4},"end":{"line":88,"column":31}},"53":{"start":{"line":89,"column":4},"end":{"line":89,"column":48}},"54":{"start":{"line":90,"column":4},"end":{"line":90,"column":20}},"55":{"start":{"line":97,"column":5},"end":{"line":246,"column":10}},"56":{"start":{"line":98,"column":31},"end":{"line":98,"column":48}},"57":{"start":{"line":99,"column":6},"end":{"line":99,"column":38}},"58":{"start":{"line":100,"column":6},"end":{"line":105,"column":49}},"59":{"start":{"line":107,"column":32},"end":{"line":117,"column":107}},"60":{"start":{"line":110,"column":8},"end":{"line":114,"column":19}},"61":{"start":{"line":111,"column":10},"end":{"line":114,"column":18}},"62":{"start":{"line":116,"column":34},"end":{"line":116,"column":63}},"63":{"start":{"line":117,"column":8},"end":{"line":117,"column":104}},"64":{"start":{"line":119,"column":6},"end":{"line":119,"column":18}},"65":{"start":{"line":131,"column":31},"end":{"line":131,"column":56}},"66":{"start":{"line":131,"column":83},"end":{"line":131,"column":122}},"67":{"start":{"line":131,"column":149},"end":{"line":131,"column":176}},"68":{"start":{"line":131,"column":203},"end":{"line":131,"column":234}},"69":{"start":{"line":132,"column":6},"end":{"line":132,"column":41}},"70":{"start":{"line":133,"column":6},"end":{"line":134,"column":32}},"71":{"start":{"line":134,"column":8},"end":{"line":134,"column":31}},"72":{"start":{"line":136,"column":6},"end":{"line":136,"column":27}},"73":{"start":{"line":137,"column":6},"end":{"line":137,"column":29}},"74":{"start":{"line":138,"column":6},"end":{"line":138,"column":33}},"75":{"start":{"line":139,"column":6},"end":{"line":139,"column":22}},"76":{"start":{"line":140,"column":6},"end":{"line":140,"column":22}},"77":{"start":{"line":141,"column":6},"end":{"line":141,"column":18}},"78":{"start":{"line":150,"column":6},"end":{"line":150,"column":81}},"79":{"start":{"line":151,"column":6},"end":{"line":152,"column":25}},"80":{"start":{"line":152,"column":8},"end":{"line":152,"column":24}},"81":{"start":{"line":154,"column":6},"end":{"line":154,"column":29}},"82":{"start":{"line":163,"column":6},"end":{"line":163,"column":81}},"83":{"start":{"line":164,"column":6},"end":{"line":164,"column":22}},"84":{"start":{"line":175,"column":6},"end":{"line":175,"column":31}},"85":{"start":{"line":176,"column":6},"end":{"line":176,"column":18}},"86":{"start":{"line":185,"column":6},"end":{"line":185,"column":31}},"87":{"start":{"line":193,"column":31},"end":{"line":194,"column":23}},"88":{"start":{"line":194,"column":50},"end":{"line":194,"column":91}},"89":{"start":{"line":194,"column":118},"end":{"line":194,"column":145}},"90":{"start":{"line":194,"column":172},"end":{"line":194,"column":199}},"91":{"start":{"line":195,"column":6},"end":{"line":195,"column":32}},"92":{"start":{"line":197,"column":6},"end":{"line":197,"column":103}},"93":{"start":{"line":198,"column":6},"end":{"line":198,"column":42}},"94":{"start":{"line":200,"column":6},"end":{"line":213,"column":48}},"95":{"start":{"line":200,"column":52},"end":{"line":201,"column":29}},"96":{"start":{"line":201,"column":56},"end":{"line":201,"column":95}},"97":{"start":{"line":201,"column":122},"end":{"line":201,"column":149}},"98":{"start":{"line":201,"column":176},"end":{"line":201,"column":207}},"99":{"start":{"line":202,"column":8},"end":{"line":202,"column":47}},"100":{"start":{"line":203,"column":8},"end":{"line":213,"column":47}},"101":{"start":{"line":216,"column":6},"end":{"line":218,"column":47}},"102":{"start":{"line":246,"column":10},"end":{"line":246,"column":21}},"103":{"start":{"line":246,"column":52},"end":{"line":249,"column":4}}},"branchMap":{"1":{"line":1,"type":"binary-expr","locations":[{"start":{"line":1,"column":265},"end":{"line":1,"column":286}},{"start":{"line":1,"column":290},"end":{"line":1,"column":295}}]},"2":{"line":1,"type":"if","locations":[{"start":{"line":1,"column":327},"end":{"line":1,"column":327}},{"start":{"line":1,"column":327},"end":{"line":1,"column":327}}]},"3":{"line":1,"type":"if","locations":[{"start":{"line":1,"column":497},"end":{"line":1,"column":497}},{"start":{"line":1,"column":497},"end":{"line":1,"column":497}}]},"4":{"line":1,"type":"if","locations":[{"start":{"line":1,"column":565},"end":{"line":1,"column":565}},{"start":{"line":1,"column":565},"end":{"line":1,"column":565}}]},"5":{"line":8,"type":"cond-expr","locations":[{"start":{"line":8,"column":219},"end":{"line":8,"column":222}},{"start":{"line":8,"column":225},"end":{"line":8,"column":241}}]},"6":{"line":8,"type":"binary-expr","locations":[{"start":{"line":8,"column":195},"end":{"line":8,"column":198}},{"start":{"line":8,"column":202},"end":{"line":8,"column":216}}]},"7":{"line":8,"type":"if","locations":[{"start":{"line":8,"column":292},"end":{"line":8,"column":292}},{"start":{"line":8,"column":292},"end":{"line":8,"column":292}}]},"8":{"line":35,"type":"cond-expr","locations":[{"start":{"line":35,"column":103},"end":{"line":35,"column":104}},{"start":{"line":35,"column":107},"end":{"line":35,"column":119}}]},"9":{"line":35,"type":"binary-expr","locations":[{"start":{"line":35,"column":49},"end":{"line":35,"column":70}},{"start":{"line":35,"column":74},"end":{"line":35,"column":100}}]},"10":{"line":35,"type":"cond-expr","locations":[{"start":{"line":35,"column":214},"end":{"line":35,"column":215}},{"start":{"line":35,"column":218},"end":{"line":35,"column":230}}]},"11":{"line":35,"type":"binary-expr","locations":[{"start":{"line":35,"column":160},"end":{"line":35,"column":181}},{"start":{"line":35,"column":185},"end":{"line":35,"column":211}}]},"12":{"line":35,"type":"cond-expr","locations":[{"start":{"line":35,"column":325},"end":{"line":35,"column":327}},{"start":{"line":35,"column":330},"end":{"line":35,"column":342}}]},"13":{"line":35,"type":"binary-expr","locations":[{"start":{"line":35,"column":271},"end":{"line":35,"column":292}},{"start":{"line":35,"column":296},"end":{"line":35,"column":322}}]},"14":{"line":35,"type":"cond-expr","locations":[{"start":{"line":35,"column":438},"end":{"line":35,"column":442}},{"start":{"line":35,"column":445},"end":{"line":35,"column":457}}]},"15":{"line":35,"type":"binary-expr","locations":[{"start":{"line":35,"column":384},"end":{"line":35,"column":405}},{"start":{"line":35,"column":409},"end":{"line":35,"column":435}}]},"16":{"line":35,"type":"cond-expr","locations":[{"start":{"line":35,"column":555},"end":{"line":35,"column":560}},{"start":{"line":35,"column":563},"end":{"line":35,"column":575}}]},"17":{"line":35,"type":"binary-expr","locations":[{"start":{"line":35,"column":501},"end":{"line":35,"column":522}},{"start":{"line":35,"column":526},"end":{"line":35,"column":552}}]},"18":{"line":105,"type":"cond-expr","locations":[{"start":{"line":105,"column":32},"end":{"line":105,"column":38}},{"start":{"line":105,"column":41},"end":{"line":105,"column":46}}]},"19":{"line":110,"type":"if","locations":[{"start":{"line":110,"column":8},"end":{"line":110,"column":8}},{"start":{"line":110,"column":8},"end":{"line":110,"column":8}}]},"20":{"line":133,"type":"if","locations":[{"start":{"line":133,"column":6},"end":{"line":133,"column":6}},{"start":{"line":133,"column":6},"end":{"line":133,"column":6}}]},"21":{"line":151,"type":"if","locations":[{"start":{"line":151,"column":6},"end":{"line":151,"column":6}},{"start":{"line":151,"column":6},"end":{"line":151,"column":6}}]},"22":{"line":200,"type":"if","locations":[{"start":{"line":200,"column":6},"end":{"line":200,"column":6}},{"start":{"line":200,"column":6},"end":{"line":200,"column":6}}]}},"l":{"1":7,"2":1,"3":1,"4":1,"5":1,"7":1,"8":6,"11":1,"13":1,"27":1,"35":6,"40":6,"46":6,"52":6,"58":6,"64":6,"70":6,"76":6,"82":6,"88":6,"89":6,"90":6,"97":1,"98":14,"99":14,"100":14,"107":14,"110":14,"111":1,"116":13,"117":13,"119":14,"131":2,"132":2,"133":2,"134":1,"136":2,"137":2,"138":2,"139":2,"140":2,"141":2,"150":3,"151":3,"152":1,"154":3,"163":3,"164":3,"175":1,"176":1,"185":1,"193":48,"194":48,"195":48,"197":48,"198":48,"200":48,"201":47,"202":47,"203":47,"216":1,"246":1}},
"/Users/zhefeng/development/news-renderer/app/__mocks__/ErrorHandler.js":{"path":"/Users/zhefeng/development/news-renderer/app/__mocks__/ErrorHandler.js","s":{"1":1,"2":1,"3":1,"4":1},"b":{},"f":{"1":1},"fnMap":{"1":{"name":"ErrorHandler","line":2,"loc":{"start":{"line":2,"column":13},"end":{"line":2,"column":40}}}},"statementMap":{"1":{"start":{"line":1,"column":39},"end":{"line":1,"column":101},"skip":true},"2":{"start":{"line":1,"column":101},"end":{"line":2,"column":13}},"3":{"start":{"line":2,"column":13},"end":{"line":3,"column":14}},"4":{"start":{"line":3,"column":2},"end":{"line":3,"column":13}}},"branchMap":{},"l":{"1":1,"2":1,"3":1}},
"/Users/zhefeng/development/news-renderer/app/components/__mocks__/superagent.js":{"path":"/Users/zhefeng/development/news-renderer/app/components/__mocks__/superagent.js","s":{"1":1,"2":1,"3":1,"4":1,"5":1,"6":1,"7":14,"8":14,"9":14,"10":14,"11":14,"12":14,"13":1},"b":{},"f":{"1":14,"2":14,"3":14},"fnMap":{"1":{"name":"get","line":69,"loc":{"start":{"line":69,"column":7},"end":{"line":69,"column":22}}},"2":{"name":"query","line":72,"loc":{"start":{"line":72,"column":9},"end":{"line":72,"column":27}}},"3":{"name":"end","line":77,"loc":{"start":{"line":77,"column":7},"end":{"line":77,"column":30}}}},"statementMap":{"1":{"start":{"line":1,"column":39},"end":{"line":1,"column":101},"skip":true},"2":{"start":{"line":2,"column":0},"end":{"line":61,"column":67}},"3":{"start":{"line":65,"column":0},"end":{"line":65,"column":22}},"4":{"start":{"line":66,"column":0},"end":{"line":66,"column":15}},"5":{"start":{"line":67,"column":0},"end":{"line":67,"column":30}},"6":{"start":{"line":68,"column":0},"end":{"line":82,"column":21}},"7":{"start":{"line":70,"column":4},"end":{"line":70,"column":26}},"8":{"start":{"line":73,"column":4},"end":{"line":73,"column":36}},"9":{"start":{"line":74,"column":4},"end":{"line":74,"column":22}},"10":{"start":{"line":75,"column":4},"end":{"line":75,"column":26}},"11":{"start":{"line":78,"column":4},"end":{"line":80,"column":32}},"12":{"start":{"line":82,"column":4},"end":{"line":82,"column":17}},"13":{"start":{"line":82,"column":48},"end":{"line":86,"column":15}}},"branchMap":{},"l":{"1":1,"2":1,"65":1,"66":1,"67":1,"68":1,"70":14,"73":14,"74":14,"75":14,"78":14,"82":14}}}
