TN:
SF:/Users/zhefeng/development/news-renderer/app/State.js
FN:1,(anonymous_1)
FN:1,(anonymous_2)
FN:1,defineProperties
FN:1,(anonymous_4)
FN:1,_interopRequireDefault
FN:1,_classCallCheck
FN:3,(anonymous_7)
FN:3,State
FN:10,_broadcast
FN:12,(anonymous_10)
FN:21,get
FN:31,setListLoading
FN:46,setList
FN:61,setItem
FN:76,onChange
FNF:15
FNH:14
FNDA:0,(anonymous_1)
FNDA:2,(anonymous_2)
FNDA:2,defineProperties
FNDA:2,(anonymous_4)
FNDA:2,_interopRequireDefault
FNDA:12,_classCallCheck
FNDA:2,(anonymous_7)
FNDA:12,State
FNDA:53,_broadcast
FNDA:49,(anonymous_10)
FNDA:64,get
FNDA:33,setListLoading
FNDA:17,setList
FNDA:6,setItem
FNDA:8,onChange
DA:1,12
DA:3,12
DA:8,12
DA:10,2
DA:12,53
DA:13,49
DA:23,64
DA:33,33
DA:34,33
DA:35,33
DA:36,32
DA:38,33
DA:48,17
DA:49,17
DA:50,17
DA:51,16
DA:53,17
DA:63,6
DA:64,6
DA:65,6
DA:66,5
DA:68,6
DA:78,8
DA:79,8
LF:24
LH:24
BRDA:1,1,0,2
BRDA:1,1,1,0
BRDA:1,2,0,0
BRDA:1,2,1,0
BRDA:1,3,0,12
BRDA:1,3,1,12
BRDA:1,4,0,12
BRDA:1,4,1,0
BRDA:1,5,0,2
BRDA:1,5,1,0
BRDA:1,6,0,0
BRDA:1,6,1,2
BRDA:1,7,0,2
BRDA:1,7,1,0
BRDA:1,8,0,2
BRDA:1,8,1,2
BRDA:1,9,0,0
BRDA:1,9,1,12
BRDA:35,10,0,32
BRDA:35,10,1,1
BRDA:50,11,0,16
BRDA:50,11,1,1
BRDA:65,12,0,5
BRDA:65,12,1,1
BRF:24
BRH:16
end_of_record
TN:
SF:/Users/zhefeng/development/news-renderer/app/utilities/shallowEqual.js
FN:30,allKeyDataSame
FN:31,allKeySame
FN:37,shallowEqual
FNF:3
FNH:3
FNDA:16,allKeyDataSame
FNDA:16,allKeySame
FNDA:17,shallowEqual
DA:1,3
DA:30,3
DA:31,32
DA:37,17
LF:4
LH:4
BRDA:31,1,0,12
BRDA:31,1,1,20
BRDA:31,2,0,32
BRDA:31,2,1,32
BRDA:31,3,0,0
BRDA:31,3,1,16
BRDA:37,4,0,17
BRDA:37,4,1,16
BRF:8
BRH:7
end_of_record
TN:
SF:/Users/zhefeng/development/news-renderer/app/components/NewsDetail.js
FN:1,(anonymous_1)
FN:1,defineProperties
FN:1,(anonymous_3)
FN:1,_classCallCheck
FN:4,(anonymous_5)
FN:12,NewsDetail
FN:22,onBackClick
FN:33,renderBackBtn
FN:44,renderImg
FN:56,renderTitle
FN:68,renderBody
FN:80,render
FNF:12
FNH:12
FNDA:2,(anonymous_1)
FNDA:2,defineProperties
FNDA:2,(anonymous_3)
FNDA:3,_classCallCheck
FNDA:2,(anonymous_5)
FNDA:3,NewsDetail
FNDA:1,onBackClick
FNDA:2,renderBackBtn
FNDA:2,renderImg
FNDA:2,renderTitle
FNDA:2,renderBody
FNDA:2,render
DA:1,12
DA:3,2
DA:12,3
DA:13,3
DA:22,2
DA:23,1
DA:24,1
DA:25,1
DA:26,1
DA:35,2
DA:45,2
DA:47,2
DA:57,2
DA:59,2
DA:69,2
DA:71,2
DA:82,2
DA:86,2
LF:18
LH:18
BRDA:1,1,0,12
BRDA:1,1,1,12
BRDA:1,2,0,12
BRDA:1,2,1,0
BRDA:1,3,0,2
BRDA:1,3,1,0
BRDA:1,4,0,0
BRDA:1,4,1,2
BRDA:1,5,0,0
BRDA:1,5,1,3
BRF:10
BRH:6
end_of_record
TN:
SF:/Users/zhefeng/development/news-renderer/app/utilities/dom.js
FN:1,(anonymous_1)
FN:1,defineProperties
FN:1,(anonymous_3)
FN:66,_classCallCheck
FN:66,(anonymous_5)
FN:66,Dom
FN:66,empty
FN:66,append
FN:66,setClass
FN:66,setAttr
FN:66,innerHTML
FN:66,on
FN:71,createDom
FN:76,getDom
FN:81,wrapDom
FNF:15
FNH:15
FNDA:5,(anonymous_1)
FNDA:5,defineProperties
FNDA:5,(anonymous_3)
FNDA:1442,_classCallCheck
FNDA:5,(anonymous_5)
FNDA:1442,Dom
FNDA:49,empty
FNDA:1424,append
FNDA:971,setClass
FNDA:553,setAttr
FNDA:638,innerHTML
FNDA:392,on
FNDA:1441,createDom
FNDA:1,getDom
FNDA:1,wrapDom
DA:1,30
DA:46,5
DA:56,5
DA:66,1442
DA:71,1441
DA:76,5
DA:81,5
LF:7
LH:7
BRDA:1,1,0,30
BRDA:1,1,1,30
BRDA:1,2,0,30
BRDA:1,2,1,0
BRDA:1,3,0,5
BRDA:1,3,1,0
BRDA:1,4,0,0
BRDA:1,4,1,5
BRDA:66,5,0,0
BRDA:66,5,1,1442
BRDA:66,6,0,1433
BRDA:66,6,1,9
BRF:12
BRH:8
end_of_record
TN:
SF:/Users/zhefeng/development/news-renderer/app/components/NewsItem.js
FN:1,(anonymous_1)
FN:1,defineProperties
FN:1,(anonymous_3)
FN:1,_classCallCheck
FN:4,(anonymous_5)
FN:12,NewsItem
FN:22,onClick
FN:33,renderImg
FN:47,renderTitle
FN:58,renderBody
FN:68,render
FNF:11
FNH:11
FNDA:3,(anonymous_1)
FNDA:3,defineProperties
FNDA:3,(anonymous_3)
FNDA:96,_classCallCheck
FNDA:3,(anonymous_5)
FNDA:96,NewsItem
FNDA:1,onClick
FNDA:95,renderImg
FNDA:95,renderTitle
FNDA:95,renderBody
FNDA:95,render
DA:1,96
DA:3,3
DA:12,96
DA:13,96
DA:22,3
DA:23,1
DA:24,1
DA:25,1
DA:26,1
DA:34,95
DA:36,95
DA:37,95
DA:40,95
DA:48,95
DA:50,95
DA:59,95
DA:61,95
DA:70,95
DA:74,3
LF:19
LH:19
BRDA:1,1,0,15
BRDA:1,1,1,15
BRDA:1,2,0,15
BRDA:1,2,1,0
BRDA:1,3,0,3
BRDA:1,3,1,0
BRDA:1,4,0,0
BRDA:1,4,1,3
BRDA:1,5,0,0
BRDA:1,5,1,96
BRF:10
BRH:6
end_of_record
TN:
SF:/Users/zhefeng/development/news-renderer/app/components/NewsList.js
FN:1,(anonymous_1)
FN:1,(anonymous_2)
FN:1,defineProperties
FN:1,(anonymous_4)
FN:3,_interopRequireDefault
FN:3,_classCallCheck
FN:6,(anonymous_7)
FN:29,NewsList
FN:37,goPre
FN:50,goNext
FN:64,changeNumberPerPage
FN:78,changeSearch
FN:92,changeOrderBy
FN:105,changeOrderDesc
FN:118,renderTitle
FN:128,renderOrderByDdl
FN:135,(anonymous_17)
FN:153,renderToolbar
FN:197,renderList
FN:202,(anonymous_20)
FN:215,renderLoading
FN:226,render
FNF:22
FNH:21
FNDA:0,(anonymous_1)
FNDA:2,(anonymous_2)
FNDA:2,defineProperties
FNDA:2,(anonymous_4)
FNDA:4,_interopRequireDefault
FNDA:57,_classCallCheck
FNDA:2,(anonymous_7)
FNDA:57,NewsList
FNDA:2,goPre
FNDA:2,goNext
FNDA:1,changeNumberPerPage
FNDA:1,changeSearch
FNDA:1,changeOrderBy
FNDA:1,changeOrderDesc
FNDA:49,renderTitle
FNDA:49,renderOrderByDdl
FNDA:147,(anonymous_17)
FNDA:49,renderToolbar
FNDA:33,renderList
FNDA:94,(anonymous_20)
FNDA:16,renderLoading
FNDA:49,render
DA:1,24
DA:2,2
DA:3,57
DA:5,2
DA:29,57
DA:30,57
DA:37,2
DA:38,2
DA:40,2
DA:41,1
DA:43,2
DA:51,2
DA:53,2
DA:54,1
DA:56,2
DA:66,1
DA:70,1
DA:80,1
DA:84,1
DA:94,1
DA:98,1
DA:107,1
DA:111,1
DA:120,49
DA:130,49
DA:132,49
DA:133,49
DA:135,49
DA:136,147
DA:139,147
DA:140,47
DA:142,147
DA:145,49
DA:154,49
DA:155,49
DA:156,49
DA:157,49
DA:158,49
DA:161,49
DA:165,49
DA:166,49
DA:172,49
DA:179,49
DA:183,49
DA:189,49
DA:199,33
DA:200,33
DA:202,33
DA:203,94
DA:204,94
DA:205,94
DA:208,33
DA:217,16
DA:227,49
DA:229,49
DA:230,49
DA:232,49
DA:233,16
DA:235,33
LF:59
LH:59
BRDA:1,1,0,2
BRDA:1,1,1,0
BRDA:1,2,0,0
BRDA:1,2,1,0
BRDA:1,3,0,24
BRDA:1,3,1,24
BRDA:1,4,0,24
BRDA:1,4,1,0
BRDA:1,5,0,2
BRDA:1,5,1,0
BRDA:1,6,0,0
BRDA:1,6,1,2
BRDA:3,7,0,4
BRDA:3,7,1,0
BRDA:3,8,0,4
BRDA:3,8,1,4
BRDA:3,9,0,0
BRDA:3,9,1,57
BRDA:40,10,0,1
BRDA:40,10,1,1
BRDA:53,11,0,1
BRDA:53,11,1,1
BRDA:139,12,0,47
BRDA:139,12,1,100
BRDA:159,13,0,35
BRDA:159,13,1,14
BRDA:162,14,0,10
BRDA:162,14,1,39
BRDA:180,15,0,0
BRDA:180,15,1,49
BRDA:232,16,0,16
BRDA:232,16,1,33
BRF:32
BRH:23
end_of_record
TN:
SF:/Users/zhefeng/development/news-renderer/app/utilities/componentRender.js
FN:15,componentRender
FNF:1
FNH:1
FNDA:143,componentRender
DA:1,3
DA:15,143
LF:2
LH:2
BRF:0
BRH:0
end_of_record
TN:
SF:/Users/zhefeng/development/news-renderer/app/components/App.js
FN:1,(anonymous_1)
FN:1,defineProperties
FN:1,(anonymous_3)
FN:8,_interopRequireDefault
FN:8,_classCallCheck
FN:14,(anonymous_6)
FN:27,App
FN:97,loadData
FN:109,(anonymous_9)
FN:130,changeQuery
FN:148,goPre
FN:161,goNext
FN:173,setItem
FN:183,clearItem
FN:192,render
FNF:15
FNH:15
FNDA:1,(anonymous_1)
FNDA:1,defineProperties
FNDA:1,(anonymous_3)
FNDA:6,_interopRequireDefault
FNDA:6,_classCallCheck
FNDA:1,(anonymous_6)
FNDA:6,App
FNDA:14,loadData
FNDA:14,(anonymous_9)
FNDA:2,changeQuery
FNDA:3,goPre
FNDA:3,goNext
FNDA:1,setItem
FNDA:1,clearItem
FNDA:48,render
DA:1,7
DA:2,1
DA:3,1
DA:4,1
DA:5,1
DA:7,1
DA:8,6
DA:11,1
DA:13,1
DA:27,1
DA:35,6
DA:40,6
DA:46,6
DA:52,6
DA:58,6
DA:64,6
DA:70,6
DA:76,6
DA:82,6
DA:88,6
DA:89,6
DA:90,6
DA:97,1
DA:98,14
DA:99,14
DA:100,14
DA:107,14
DA:110,14
DA:111,1
DA:116,13
DA:117,13
DA:119,14
DA:131,2
DA:132,2
DA:133,2
DA:134,1
DA:136,2
DA:137,2
DA:138,2
DA:139,2
DA:140,2
DA:141,2
DA:150,3
DA:151,3
DA:152,1
DA:154,3
DA:163,3
DA:164,3
DA:175,1
DA:176,1
DA:185,1
DA:193,48
DA:194,48
DA:195,48
DA:197,48
DA:198,48
DA:200,48
DA:201,47
DA:202,47
DA:203,47
DA:216,1
DA:246,1
LF:62
LH:62
BRDA:1,1,0,7
BRDA:1,1,1,7
BRDA:1,2,0,7
BRDA:1,2,1,0
BRDA:1,3,0,1
BRDA:1,3,1,0
BRDA:1,4,0,0
BRDA:1,4,1,1
BRDA:8,5,0,6
BRDA:8,5,1,0
BRDA:8,6,0,6
BRDA:8,6,1,6
BRDA:8,7,0,0
BRDA:8,7,1,6
BRDA:35,8,0,6
BRDA:35,8,1,0
BRDA:35,9,0,6
BRDA:35,9,1,0
BRDA:35,10,0,6
BRDA:35,10,1,0
BRDA:35,11,0,6
BRDA:35,11,1,0
BRDA:35,12,0,6
BRDA:35,12,1,0
BRDA:35,13,0,6
BRDA:35,13,1,0
BRDA:35,14,0,6
BRDA:35,14,1,0
BRDA:35,15,0,6
BRDA:35,15,1,0
BRDA:35,16,0,6
BRDA:35,16,1,0
BRDA:35,17,0,6
BRDA:35,17,1,0
BRDA:105,18,0,0
BRDA:105,18,1,14
BRDA:110,19,0,1
BRDA:110,19,1,13
BRDA:133,20,0,1
BRDA:133,20,1,1
BRDA:151,21,0,1
BRDA:151,21,1,2
BRDA:200,22,0,47
BRDA:200,22,1,1
BRF:44
BRH:28
end_of_record
TN:
SF:/Users/zhefeng/development/news-renderer/app/__mocks__/ErrorHandler.js
FN:2,ErrorHandler
FNF:1
FNH:1
FNDA:1,ErrorHandler
DA:1,1
DA:2,1
DA:3,1
LF:3
LH:3
BRF:0
BRH:0
end_of_record
TN:
SF:/Users/zhefeng/development/news-renderer/app/components/__mocks__/superagent.js
FN:69,get
FN:72,query
FN:77,end
FNF:3
FNH:3
FNDA:14,get
FNDA:14,query
FNDA:14,end
DA:1,1
DA:2,1
DA:65,1
DA:66,1
DA:67,1
DA:68,1
DA:70,14
DA:73,14
DA:74,14
DA:75,14
DA:78,14
DA:82,14
LF:12
LH:12
BRF:0
BRH:0
end_of_record
